mode: atomic
github.com/smartcontractkit/chainlink-stellar/bindings/contracts/ccip_receiver/client.go:22.107,27.2 1 0
github.com/smartcontractkit/chainlink-stellar/bindings/contracts/ccip_receiver/client.go:30.57,32.2 1 0
github.com/smartcontractkit/chainlink-stellar/bindings/contracts/ccip_receiver/client.go:35.84,39.16 3 0
github.com/smartcontractkit/chainlink-stellar/bindings/contracts/ccip_receiver/client.go:39.16,41.3 1 0
github.com/smartcontractkit/chainlink-stellar/bindings/contracts/ccip_receiver/client.go:43.2,43.19 1 0
github.com/smartcontractkit/chainlink-stellar/bindings/contracts/ccip_receiver/client.go:43.19,45.3 1 0
github.com/smartcontractkit/chainlink-stellar/bindings/contracts/ccip_receiver/client.go:47.2,48.16 2 0
github.com/smartcontractkit/chainlink-stellar/bindings/contracts/ccip_receiver/client.go:48.16,50.3 1 0
github.com/smartcontractkit/chainlink-stellar/bindings/contracts/ccip_receiver/client.go:51.2,51.15 1 0
github.com/smartcontractkit/chainlink-stellar/bindings/contracts/ccip_receiver/client.go:55.90,61.16 3 0
github.com/smartcontractkit/chainlink-stellar/bindings/contracts/ccip_receiver/client.go:61.16,63.3 1 0
github.com/smartcontractkit/chainlink-stellar/bindings/contracts/ccip_receiver/client.go:65.2,66.12 2 0
github.com/smartcontractkit/chainlink-stellar/bindings/contracts/ccip_receiver/client.go:70.105,76.16 3 0
github.com/smartcontractkit/chainlink-stellar/bindings/contracts/ccip_receiver/client.go:76.16,78.3 1 0
github.com/smartcontractkit/chainlink-stellar/bindings/contracts/ccip_receiver/client.go:80.2,81.12 2 0
github.com/smartcontractkit/chainlink-stellar/bindings/contracts/ccip_receiver/client.go:85.90,89.16 3 0
github.com/smartcontractkit/chainlink-stellar/bindings/contracts/ccip_receiver/client.go:89.16,91.3 1 0
github.com/smartcontractkit/chainlink-stellar/bindings/contracts/ccip_receiver/client.go:93.2,93.19 1 0
github.com/smartcontractkit/chainlink-stellar/bindings/contracts/ccip_receiver/client.go:93.19,95.3 1 0
github.com/smartcontractkit/chainlink-stellar/bindings/contracts/ccip_receiver/client.go:97.2,98.16 2 0
github.com/smartcontractkit/chainlink-stellar/bindings/contracts/ccip_receiver/client.go:98.16,100.3 1 0
github.com/smartcontractkit/chainlink-stellar/bindings/contracts/ccip_receiver/client.go:101.2,101.15 1 0
github.com/smartcontractkit/chainlink-stellar/bindings/contracts/ccip_receiver/client.go:105.89,109.16 3 0
github.com/smartcontractkit/chainlink-stellar/bindings/contracts/ccip_receiver/client.go:109.16,111.3 1 0
github.com/smartcontractkit/chainlink-stellar/bindings/contracts/ccip_receiver/client.go:113.2,113.19 1 0
github.com/smartcontractkit/chainlink-stellar/bindings/contracts/ccip_receiver/client.go:113.19,115.3 1 0
github.com/smartcontractkit/chainlink-stellar/bindings/contracts/ccip_receiver/client.go:117.2,117.39 1 0
github.com/smartcontractkit/chainlink-stellar/bindings/contracts/ccip_receiver/client.go:121.213,126.6 4 0
github.com/smartcontractkit/chainlink-stellar/bindings/contracts/ccip_receiver/client.go:126.6,127.10 1 0
github.com/smartcontractkit/chainlink-stellar/bindings/contracts/ccip_receiver/client.go:128.21,129.25 1 0
github.com/smartcontractkit/chainlink-stellar/bindings/contracts/ccip_receiver/client.go:130.19,131.39 1 0
github.com/smartcontractkit/chainlink-stellar/bindings/contracts/ccip_receiver/client.go:131.39,133.5 1 0
github.com/smartcontractkit/chainlink-stellar/bindings/contracts/ccip_receiver/client.go:135.4,136.18 2 0
github.com/smartcontractkit/chainlink-stellar/bindings/contracts/ccip_receiver/client.go:136.18,137.13 1 0
github.com/smartcontractkit/chainlink-stellar/bindings/contracts/ccip_receiver/client.go:140.4,140.29 1 0
github.com/smartcontractkit/chainlink-stellar/bindings/contracts/ccip_receiver/client.go:140.29,142.19 2 0
github.com/smartcontractkit/chainlink-stellar/bindings/contracts/ccip_receiver/client.go:142.19,143.14 1 0
github.com/smartcontractkit/chainlink-stellar/bindings/contracts/ccip_receiver/client.go:145.5,145.40 1 0
github.com/smartcontractkit/chainlink-stellar/bindings/contracts/ccip_receiver/client.go:145.40,147.6 1 0
github.com/smartcontractkit/chainlink-stellar/bindings/contracts/ccip_receiver/client.go:153.96,155.71 2 0
github.com/smartcontractkit/chainlink-stellar/bindings/contracts/ccip_receiver/client.go:155.71,157.3 1 0
github.com/smartcontractkit/chainlink-stellar/bindings/contracts/ccip_receiver/client.go:159.2,160.25 2 0
github.com/smartcontractkit/chainlink-stellar/bindings/contracts/ccip_receiver/client.go:160.25,162.3 1 0
github.com/smartcontractkit/chainlink-stellar/bindings/contracts/ccip_receiver/client.go:164.2,169.31 2 0
github.com/smartcontractkit/chainlink-stellar/bindings/contracts/ccip_receiver/client.go:169.31,171.10 2 0
github.com/smartcontractkit/chainlink-stellar/bindings/contracts/ccip_receiver/client.go:171.10,172.12 1 0
github.com/smartcontractkit/chainlink-stellar/bindings/contracts/ccip_receiver/client.go:175.3,175.22 1 0
github.com/smartcontractkit/chainlink-stellar/bindings/contracts/ccip_receiver/client.go:176.21,178.18 2 0
github.com/smartcontractkit/chainlink-stellar/bindings/contracts/ccip_receiver/client.go:178.18,180.5 1 0
github.com/smartcontractkit/chainlink-stellar/bindings/contracts/ccip_receiver/client.go:181.32,183.18 2 0
github.com/smartcontractkit/chainlink-stellar/bindings/contracts/ccip_receiver/client.go:183.18,185.5 1 0
github.com/smartcontractkit/chainlink-stellar/bindings/contracts/ccip_receiver/client.go:186.19,188.10 2 0
github.com/smartcontractkit/chainlink-stellar/bindings/contracts/ccip_receiver/client.go:188.10,190.5 1 0
github.com/smartcontractkit/chainlink-stellar/bindings/contracts/ccip_receiver/client.go:191.21,193.10 2 0
github.com/smartcontractkit/chainlink-stellar/bindings/contracts/ccip_receiver/client.go:193.10,195.5 1 0
github.com/smartcontractkit/chainlink-stellar/bindings/contracts/ccip_receiver/client.go:196.31,198.10 2 0
github.com/smartcontractkit/chainlink-stellar/bindings/contracts/ccip_receiver/client.go:198.10,200.5 1 0
github.com/smartcontractkit/chainlink-stellar/bindings/contracts/ccip_receiver/client.go:204.2,204.20 1 0
github.com/smartcontractkit/chainlink-stellar/bindings/contracts/ccip_receiver/types.go:18.51,23.2 1 0
github.com/smartcontractkit/chainlink-stellar/bindings/contracts/ccip_receiver/types.go:26.64,28.25 2 0
github.com/smartcontractkit/chainlink-stellar/bindings/contracts/ccip_receiver/types.go:28.25,30.3 1 0
github.com/smartcontractkit/chainlink-stellar/bindings/contracts/ccip_receiver/types.go:32.2,33.31 2 0
github.com/smartcontractkit/chainlink-stellar/bindings/contracts/ccip_receiver/types.go:33.31,35.10 2 0
github.com/smartcontractkit/chainlink-stellar/bindings/contracts/ccip_receiver/types.go:35.10,36.12 1 0
github.com/smartcontractkit/chainlink-stellar/bindings/contracts/ccip_receiver/types.go:39.3,39.22 1 0
github.com/smartcontractkit/chainlink-stellar/bindings/contracts/ccip_receiver/types.go:40.17,42.18 2 0
github.com/smartcontractkit/chainlink-stellar/bindings/contracts/ccip_receiver/types.go:42.18,44.5 1 0
github.com/smartcontractkit/chainlink-stellar/bindings/contracts/ccip_receiver/types.go:45.4,45.21 1 0
github.com/smartcontractkit/chainlink-stellar/bindings/contracts/ccip_receiver/types.go:46.16,48.18 2 0
github.com/smartcontractkit/chainlink-stellar/bindings/contracts/ccip_receiver/types.go:48.18,50.5 1 0
github.com/smartcontractkit/chainlink-stellar/bindings/contracts/ccip_receiver/types.go:51.4,51.20 1 0
github.com/smartcontractkit/chainlink-stellar/bindings/contracts/ccip_receiver/types.go:55.2,55.20 1 0
github.com/smartcontractkit/chainlink-stellar/bindings/contracts/ccip_receiver/types.go:71.58,82.2 1 0
github.com/smartcontractkit/chainlink-stellar/bindings/contracts/ccip_receiver/types.go:85.78,87.25 2 0
github.com/smartcontractkit/chainlink-stellar/bindings/contracts/ccip_receiver/types.go:87.25,89.3 1 0
github.com/smartcontractkit/chainlink-stellar/bindings/contracts/ccip_receiver/types.go:91.2,92.31 2 0
github.com/smartcontractkit/chainlink-stellar/bindings/contracts/ccip_receiver/types.go:92.31,94.10 2 0
github.com/smartcontractkit/chainlink-stellar/bindings/contracts/ccip_receiver/types.go:94.10,95.12 1 0
github.com/smartcontractkit/chainlink-stellar/bindings/contracts/ccip_receiver/types.go:98.3,98.22 1 0
github.com/smartcontractkit/chainlink-stellar/bindings/contracts/ccip_receiver/types.go:99.30,101.11 2 0
github.com/smartcontractkit/chainlink-stellar/bindings/contracts/ccip_receiver/types.go:101.11,103.5 1 0
github.com/smartcontractkit/chainlink-stellar/bindings/contracts/ccip_receiver/types.go:104.4,104.41 1 0
github.com/smartcontractkit/chainlink-stellar/bindings/contracts/ccip_receiver/types.go:105.19,107.25 2 0
github.com/smartcontractkit/chainlink-stellar/bindings/contracts/ccip_receiver/types.go:107.25,109.5 1 0
github.com/smartcontractkit/chainlink-stellar/bindings/contracts/ccip_receiver/types.go:110.4,111.30 2 0
github.com/smartcontractkit/chainlink-stellar/bindings/contracts/ccip_receiver/types.go:111.30,113.12 2 0
github.com/smartcontractkit/chainlink-stellar/bindings/contracts/ccip_receiver/types.go:113.12,115.6 1 0
github.com/smartcontractkit/chainlink-stellar/bindings/contracts/ccip_receiver/types.go:116.5,116.34 1 0
github.com/smartcontractkit/chainlink-stellar/bindings/contracts/ccip_receiver/types.go:118.15,120.25 2 0
github.com/smartcontractkit/chainlink-stellar/bindings/contracts/ccip_receiver/types.go:120.25,122.5 1 0
github.com/smartcontractkit/chainlink-stellar/bindings/contracts/ccip_receiver/types.go:123.4,124.30 2 0
github.com/smartcontractkit/chainlink-stellar/bindings/contracts/ccip_receiver/types.go:124.30,126.19 2 0
github.com/smartcontractkit/chainlink-stellar/bindings/contracts/ccip_receiver/types.go:126.19,128.6 1 0
github.com/smartcontractkit/chainlink-stellar/bindings/contracts/ccip_receiver/types.go:129.5,129.23 1 0
github.com/smartcontractkit/chainlink-stellar/bindings/contracts/ccip_receiver/types.go:131.19,133.18 2 0
github.com/smartcontractkit/chainlink-stellar/bindings/contracts/ccip_receiver/types.go:133.18,135.5 1 0
github.com/smartcontractkit/chainlink-stellar/bindings/contracts/ccip_receiver/types.go:136.4,136.23 1 0
github.com/smartcontractkit/chainlink-stellar/bindings/contracts/ccip_receiver/types.go:137.24,139.11 2 0
github.com/smartcontractkit/chainlink-stellar/bindings/contracts/ccip_receiver/types.go:139.11,141.5 1 0
github.com/smartcontractkit/chainlink-stellar/bindings/contracts/ccip_receiver/types.go:142.4,142.35 1 0
github.com/smartcontractkit/chainlink-stellar/bindings/contracts/ccip_receiver/types.go:143.20,145.11 2 0
github.com/smartcontractkit/chainlink-stellar/bindings/contracts/ccip_receiver/types.go:145.11,147.5 1 0
github.com/smartcontractkit/chainlink-stellar/bindings/contracts/ccip_receiver/types.go:148.4,148.31 1 0
github.com/smartcontractkit/chainlink-stellar/bindings/contracts/ccip_receiver/types.go:149.21,151.11 2 0
github.com/smartcontractkit/chainlink-stellar/bindings/contracts/ccip_receiver/types.go:151.11,153.5 1 0
github.com/smartcontractkit/chainlink-stellar/bindings/contracts/ccip_receiver/types.go:154.4,154.32 1 0
github.com/smartcontractkit/chainlink-stellar/bindings/contracts/ccip_receiver/types.go:155.25,157.11 2 0
github.com/smartcontractkit/chainlink-stellar/bindings/contracts/ccip_receiver/types.go:157.11,159.5 1 0
github.com/smartcontractkit/chainlink-stellar/bindings/contracts/ccip_receiver/types.go:160.4,160.36 1 0
github.com/smartcontractkit/chainlink-stellar/bindings/contracts/ccip_receiver/types.go:164.2,164.20 1 0
github.com/smartcontractkit/chainlink-stellar/bindings/contracts/ccip_receiver/types.go:177.59,185.2 1 0
github.com/smartcontractkit/chainlink-stellar/bindings/contracts/ccip_receiver/types.go:188.80,190.25 2 0
github.com/smartcontractkit/chainlink-stellar/bindings/contracts/ccip_receiver/types.go:190.25,192.3 1 0
github.com/smartcontractkit/chainlink-stellar/bindings/contracts/ccip_receiver/types.go:194.2,195.31 2 0
github.com/smartcontractkit/chainlink-stellar/bindings/contracts/ccip_receiver/types.go:195.31,197.10 2 0
github.com/smartcontractkit/chainlink-stellar/bindings/contracts/ccip_receiver/types.go:197.10,198.12 1 0
github.com/smartcontractkit/chainlink-stellar/bindings/contracts/ccip_receiver/types.go:201.3,201.22 1 0
github.com/smartcontractkit/chainlink-stellar/bindings/contracts/ccip_receiver/types.go:202.15,204.11 2 0
github.com/smartcontractkit/chainlink-stellar/bindings/contracts/ccip_receiver/types.go:204.11,206.5 1 0
github.com/smartcontractkit/chainlink-stellar/bindings/contracts/ccip_receiver/types.go:207.4,207.27 1 0
github.com/smartcontractkit/chainlink-stellar/bindings/contracts/ccip_receiver/types.go:208.29,210.25 2 0
github.com/smartcontractkit/chainlink-stellar/bindings/contracts/ccip_receiver/types.go:210.25,212.5 1 0
github.com/smartcontractkit/chainlink-stellar/bindings/contracts/ccip_receiver/types.go:213.4,214.30 2 0
github.com/smartcontractkit/chainlink-stellar/bindings/contracts/ccip_receiver/types.go:214.30,216.19 2 0
github.com/smartcontractkit/chainlink-stellar/bindings/contracts/ccip_receiver/types.go:216.19,218.6 1 0
github.com/smartcontractkit/chainlink-stellar/bindings/contracts/ccip_receiver/types.go:219.5,219.36 1 0
github.com/smartcontractkit/chainlink-stellar/bindings/contracts/ccip_receiver/types.go:221.21,223.18 2 0
github.com/smartcontractkit/chainlink-stellar/bindings/contracts/ccip_receiver/types.go:223.18,225.5 1 0
github.com/smartcontractkit/chainlink-stellar/bindings/contracts/ccip_receiver/types.go:226.4,226.24 1 0
github.com/smartcontractkit/chainlink-stellar/bindings/contracts/ccip_receiver/types.go:227.17,229.11 2 0
github.com/smartcontractkit/chainlink-stellar/bindings/contracts/ccip_receiver/types.go:229.11,231.5 1 0
github.com/smartcontractkit/chainlink-stellar/bindings/contracts/ccip_receiver/types.go:232.4,232.29 1 0
github.com/smartcontractkit/chainlink-stellar/bindings/contracts/ccip_receiver/types.go:233.32,235.18 2 0
github.com/smartcontractkit/chainlink-stellar/bindings/contracts/ccip_receiver/types.go:235.18,237.5 1 0
github.com/smartcontractkit/chainlink-stellar/bindings/contracts/ccip_receiver/types.go:238.4,238.34 1 0
github.com/smartcontractkit/chainlink-stellar/bindings/contracts/ccip_receiver/types.go:242.2,242.20 1 0
github.com/smartcontractkit/chainlink-stellar/bindings/contracts/ccip_receiver/types.go:255.59,263.2 1 0
github.com/smartcontractkit/chainlink-stellar/bindings/contracts/ccip_receiver/types.go:266.80,268.25 2 0
github.com/smartcontractkit/chainlink-stellar/bindings/contracts/ccip_receiver/types.go:268.25,270.3 1 0
github.com/smartcontractkit/chainlink-stellar/bindings/contracts/ccip_receiver/types.go:272.2,273.31 2 0
github.com/smartcontractkit/chainlink-stellar/bindings/contracts/ccip_receiver/types.go:273.31,275.10 2 0
github.com/smartcontractkit/chainlink-stellar/bindings/contracts/ccip_receiver/types.go:275.10,276.12 1 0
github.com/smartcontractkit/chainlink-stellar/bindings/contracts/ccip_receiver/types.go:279.3,279.22 1 0
github.com/smartcontractkit/chainlink-stellar/bindings/contracts/ccip_receiver/types.go:280.15,282.11 2 0
github.com/smartcontractkit/chainlink-stellar/bindings/contracts/ccip_receiver/types.go:282.11,284.5 1 0
github.com/smartcontractkit/chainlink-stellar/bindings/contracts/ccip_receiver/types.go:285.4,285.27 1 0
github.com/smartcontractkit/chainlink-stellar/bindings/contracts/ccip_receiver/types.go:286.21,288.11 2 0
github.com/smartcontractkit/chainlink-stellar/bindings/contracts/ccip_receiver/types.go:288.11,290.5 1 0
github.com/smartcontractkit/chainlink-stellar/bindings/contracts/ccip_receiver/types.go:291.4,291.32 1 0
github.com/smartcontractkit/chainlink-stellar/bindings/contracts/ccip_receiver/types.go:292.20,294.18 2 0
github.com/smartcontractkit/chainlink-stellar/bindings/contracts/ccip_receiver/types.go:294.18,296.5 1 0
github.com/smartcontractkit/chainlink-stellar/bindings/contracts/ccip_receiver/types.go:297.4,297.23 1 0
github.com/smartcontractkit/chainlink-stellar/bindings/contracts/ccip_receiver/types.go:298.19,300.11 2 0
github.com/smartcontractkit/chainlink-stellar/bindings/contracts/ccip_receiver/types.go:300.11,302.5 1 0
github.com/smartcontractkit/chainlink-stellar/bindings/contracts/ccip_receiver/types.go:303.4,303.31 1 0
github.com/smartcontractkit/chainlink-stellar/bindings/contracts/ccip_receiver/types.go:304.24,306.25 2 0
github.com/smartcontractkit/chainlink-stellar/bindings/contracts/ccip_receiver/types.go:306.25,308.5 1 0
github.com/smartcontractkit/chainlink-stellar/bindings/contracts/ccip_receiver/types.go:309.4,310.30 2 0
github.com/smartcontractkit/chainlink-stellar/bindings/contracts/ccip_receiver/types.go:310.30,312.19 2 0
github.com/smartcontractkit/chainlink-stellar/bindings/contracts/ccip_receiver/types.go:312.19,314.6 1 0
github.com/smartcontractkit/chainlink-stellar/bindings/contracts/ccip_receiver/types.go:315.5,315.32 1 0
github.com/smartcontractkit/chainlink-stellar/bindings/contracts/ccip_receiver/types.go:320.2,320.20 1 0
github.com/smartcontractkit/chainlink-stellar/bindings/contracts/committee_verifier/client.go:22.103,27.2 1 0
github.com/smartcontractkit/chainlink-stellar/bindings/contracts/committee_verifier/client.go:30.55,32.2 1 0
github.com/smartcontractkit/chainlink-stellar/bindings/contracts/committee_verifier/client.go:35.79,39.16 3 0
github.com/smartcontractkit/chainlink-stellar/bindings/contracts/committee_verifier/client.go:39.16,41.3 1 0
github.com/smartcontractkit/chainlink-stellar/bindings/contracts/committee_verifier/client.go:43.2,43.19 1 0
github.com/smartcontractkit/chainlink-stellar/bindings/contracts/committee_verifier/client.go:43.19,45.3 1 0
github.com/smartcontractkit/chainlink-stellar/bindings/contracts/committee_verifier/client.go:47.2,48.16 2 0
github.com/smartcontractkit/chainlink-stellar/bindings/contracts/committee_verifier/client.go:48.16,50.3 1 0
github.com/smartcontractkit/chainlink-stellar/bindings/contracts/committee_verifier/client.go:51.2,51.15 1 0
github.com/smartcontractkit/chainlink-stellar/bindings/contracts/committee_verifier/client.go:55.172,64.16 3 0
github.com/smartcontractkit/chainlink-stellar/bindings/contracts/committee_verifier/client.go:64.16,66.3 1 0
github.com/smartcontractkit/chainlink-stellar/bindings/contracts/committee_verifier/client.go:68.2,68.19 1 0
github.com/smartcontractkit/chainlink-stellar/bindings/contracts/committee_verifier/client.go:68.19,70.3 1 0
github.com/smartcontractkit/chainlink-stellar/bindings/contracts/committee_verifier/client.go:72.2,72.38 1 0
github.com/smartcontractkit/chainlink-stellar/bindings/contracts/committee_verifier/client.go:76.91,82.16 3 0
github.com/smartcontractkit/chainlink-stellar/bindings/contracts/committee_verifier/client.go:82.16,84.3 1 0
github.com/smartcontractkit/chainlink-stellar/bindings/contracts/committee_verifier/client.go:86.2,86.19 1 0
github.com/smartcontractkit/chainlink-stellar/bindings/contracts/committee_verifier/client.go:86.19,88.3 1 0
github.com/smartcontractkit/chainlink-stellar/bindings/contracts/committee_verifier/client.go:90.2,91.9 2 0
github.com/smartcontractkit/chainlink-stellar/bindings/contracts/committee_verifier/client.go:91.9,93.3 1 0
github.com/smartcontractkit/chainlink-stellar/bindings/contracts/committee_verifier/client.go:94.2,94.15 1 0
github.com/smartcontractkit/chainlink-stellar/bindings/contracts/committee_verifier/client.go:98.86,104.16 3 0
github.com/smartcontractkit/chainlink-stellar/bindings/contracts/committee_verifier/client.go:104.16,106.3 1 0
github.com/smartcontractkit/chainlink-stellar/bindings/contracts/committee_verifier/client.go:108.2,109.12 2 0
github.com/smartcontractkit/chainlink-stellar/bindings/contracts/committee_verifier/client.go:113.160,122.16 3 0
github.com/smartcontractkit/chainlink-stellar/bindings/contracts/committee_verifier/client.go:122.16,124.3 1 0
github.com/smartcontractkit/chainlink-stellar/bindings/contracts/committee_verifier/client.go:126.2,127.12 2 0
github.com/smartcontractkit/chainlink-stellar/bindings/contracts/committee_verifier/client.go:131.84,135.16 3 0
github.com/smartcontractkit/chainlink-stellar/bindings/contracts/committee_verifier/client.go:135.16,137.3 1 0
github.com/smartcontractkit/chainlink-stellar/bindings/contracts/committee_verifier/client.go:139.2,139.19 1 0
github.com/smartcontractkit/chainlink-stellar/bindings/contracts/committee_verifier/client.go:139.19,141.3 1 0
github.com/smartcontractkit/chainlink-stellar/bindings/contracts/committee_verifier/client.go:143.2,144.16 2 0
github.com/smartcontractkit/chainlink-stellar/bindings/contracts/committee_verifier/client.go:144.16,146.3 1 0
github.com/smartcontractkit/chainlink-stellar/bindings/contracts/committee_verifier/client.go:147.2,147.15 1 0
github.com/smartcontractkit/chainlink-stellar/bindings/contracts/committee_verifier/client.go:151.85,155.16 3 0
github.com/smartcontractkit/chainlink-stellar/bindings/contracts/committee_verifier/client.go:155.16,157.3 1 0
github.com/smartcontractkit/chainlink-stellar/bindings/contracts/committee_verifier/client.go:159.2,159.19 1 0
github.com/smartcontractkit/chainlink-stellar/bindings/contracts/committee_verifier/client.go:159.19,161.3 1 0
github.com/smartcontractkit/chainlink-stellar/bindings/contracts/committee_verifier/client.go:163.2,164.16 2 0
github.com/smartcontractkit/chainlink-stellar/bindings/contracts/committee_verifier/client.go:164.16,166.3 1 0
github.com/smartcontractkit/chainlink-stellar/bindings/contracts/committee_verifier/client.go:167.2,167.15 1 0
github.com/smartcontractkit/chainlink-stellar/bindings/contracts/committee_verifier/client.go:171.91,177.16 3 0
github.com/smartcontractkit/chainlink-stellar/bindings/contracts/committee_verifier/client.go:177.16,179.3 1 0
github.com/smartcontractkit/chainlink-stellar/bindings/contracts/committee_verifier/client.go:181.2,182.12 2 0
github.com/smartcontractkit/chainlink-stellar/bindings/contracts/committee_verifier/client.go:186.150,194.16 3 0
github.com/smartcontractkit/chainlink-stellar/bindings/contracts/committee_verifier/client.go:194.16,196.3 1 0
github.com/smartcontractkit/chainlink-stellar/bindings/contracts/committee_verifier/client.go:198.2,199.12 2 0
github.com/smartcontractkit/chainlink-stellar/bindings/contracts/committee_verifier/client.go:203.109,210.16 3 0
github.com/smartcontractkit/chainlink-stellar/bindings/contracts/committee_verifier/client.go:210.16,212.3 1 0
github.com/smartcontractkit/chainlink-stellar/bindings/contracts/committee_verifier/client.go:214.2,214.19 1 0
github.com/smartcontractkit/chainlink-stellar/bindings/contracts/committee_verifier/client.go:214.19,216.3 1 0
github.com/smartcontractkit/chainlink-stellar/bindings/contracts/committee_verifier/client.go:218.2,219.9 2 0
github.com/smartcontractkit/chainlink-stellar/bindings/contracts/committee_verifier/client.go:219.9,221.3 1 0
github.com/smartcontractkit/chainlink-stellar/bindings/contracts/committee_verifier/client.go:222.2,222.15 1 0
github.com/smartcontractkit/chainlink-stellar/bindings/contracts/committee_verifier/client.go:226.78,230.16 3 0
github.com/smartcontractkit/chainlink-stellar/bindings/contracts/committee_verifier/client.go:230.16,232.3 1 0
github.com/smartcontractkit/chainlink-stellar/bindings/contracts/committee_verifier/client.go:234.2,235.12 2 0
github.com/smartcontractkit/chainlink-stellar/bindings/contracts/committee_verifier/client.go:239.87,243.16 3 0
github.com/smartcontractkit/chainlink-stellar/bindings/contracts/committee_verifier/client.go:243.16,245.3 1 0
github.com/smartcontractkit/chainlink-stellar/bindings/contracts/committee_verifier/client.go:247.2,247.19 1 0
github.com/smartcontractkit/chainlink-stellar/bindings/contracts/committee_verifier/client.go:247.19,249.3 1 0
github.com/smartcontractkit/chainlink-stellar/bindings/contracts/committee_verifier/client.go:251.2,251.39 1 0
github.com/smartcontractkit/chainlink-stellar/bindings/contracts/committee_verifier/client.go:255.89,259.16 3 0
github.com/smartcontractkit/chainlink-stellar/bindings/contracts/committee_verifier/client.go:259.16,261.3 1 0
github.com/smartcontractkit/chainlink-stellar/bindings/contracts/committee_verifier/client.go:263.2,263.19 1 0
github.com/smartcontractkit/chainlink-stellar/bindings/contracts/committee_verifier/client.go:263.19,265.3 1 0
github.com/smartcontractkit/chainlink-stellar/bindings/contracts/committee_verifier/client.go:267.2,268.16 2 0
github.com/smartcontractkit/chainlink-stellar/bindings/contracts/committee_verifier/client.go:268.16,270.3 1 0
github.com/smartcontractkit/chainlink-stellar/bindings/contracts/committee_verifier/client.go:271.2,271.15 1 0
github.com/smartcontractkit/chainlink-stellar/bindings/contracts/committee_verifier/client.go:275.97,279.16 3 0
github.com/smartcontractkit/chainlink-stellar/bindings/contracts/committee_verifier/client.go:279.16,281.3 1 0
github.com/smartcontractkit/chainlink-stellar/bindings/contracts/committee_verifier/client.go:283.2,283.19 1 0
github.com/smartcontractkit/chainlink-stellar/bindings/contracts/committee_verifier/client.go:283.19,285.3 1 0
github.com/smartcontractkit/chainlink-stellar/bindings/contracts/committee_verifier/client.go:287.2,287.40 1 0
github.com/smartcontractkit/chainlink-stellar/bindings/contracts/committee_verifier/client.go:291.108,297.16 3 0
github.com/smartcontractkit/chainlink-stellar/bindings/contracts/committee_verifier/client.go:297.16,299.3 1 0
github.com/smartcontractkit/chainlink-stellar/bindings/contracts/committee_verifier/client.go:301.2,302.12 2 0
github.com/smartcontractkit/chainlink-stellar/bindings/contracts/committee_verifier/client.go:306.97,312.16 3 0
github.com/smartcontractkit/chainlink-stellar/bindings/contracts/committee_verifier/client.go:312.16,314.3 1 0
github.com/smartcontractkit/chainlink-stellar/bindings/contracts/committee_verifier/client.go:316.2,317.12 2 0
github.com/smartcontractkit/chainlink-stellar/bindings/contracts/committee_verifier/client.go:321.115,327.16 3 0
github.com/smartcontractkit/chainlink-stellar/bindings/contracts/committee_verifier/client.go:327.16,329.3 1 0
github.com/smartcontractkit/chainlink-stellar/bindings/contracts/committee_verifier/client.go:331.2,331.19 1 0
github.com/smartcontractkit/chainlink-stellar/bindings/contracts/committee_verifier/client.go:331.19,333.3 1 0
github.com/smartcontractkit/chainlink-stellar/bindings/contracts/committee_verifier/client.go:335.2,336.16 2 0
github.com/smartcontractkit/chainlink-stellar/bindings/contracts/committee_verifier/client.go:336.16,338.3 1 0
github.com/smartcontractkit/chainlink-stellar/bindings/contracts/committee_verifier/client.go:339.2,339.15 1 0
github.com/smartcontractkit/chainlink-stellar/bindings/contracts/committee_verifier/client.go:343.211,354.16 3 0
github.com/smartcontractkit/chainlink-stellar/bindings/contracts/committee_verifier/client.go:354.16,356.3 1 0
github.com/smartcontractkit/chainlink-stellar/bindings/contracts/committee_verifier/client.go:358.2,358.19 1 0
github.com/smartcontractkit/chainlink-stellar/bindings/contracts/committee_verifier/client.go:358.19,360.3 1 0
github.com/smartcontractkit/chainlink-stellar/bindings/contracts/committee_verifier/client.go:362.2,363.9 2 0
github.com/smartcontractkit/chainlink-stellar/bindings/contracts/committee_verifier/client.go:363.9,365.3 1 0
github.com/smartcontractkit/chainlink-stellar/bindings/contracts/committee_verifier/client.go:366.2,366.23 1 0
github.com/smartcontractkit/chainlink-stellar/bindings/contracts/committee_verifier/client.go:370.111,376.16 3 0
github.com/smartcontractkit/chainlink-stellar/bindings/contracts/committee_verifier/client.go:376.16,378.3 1 0
github.com/smartcontractkit/chainlink-stellar/bindings/contracts/committee_verifier/client.go:380.2,380.19 1 0
github.com/smartcontractkit/chainlink-stellar/bindings/contracts/committee_verifier/client.go:380.19,382.3 1 0
github.com/smartcontractkit/chainlink-stellar/bindings/contracts/committee_verifier/client.go:384.2,384.41 1 0
github.com/smartcontractkit/chainlink-stellar/bindings/contracts/committee_verifier/client.go:384.41,386.3 1 0
github.com/smartcontractkit/chainlink-stellar/bindings/contracts/committee_verifier/client.go:387.2,388.16 2 0
github.com/smartcontractkit/chainlink-stellar/bindings/contracts/committee_verifier/client.go:388.16,390.3 1 0
github.com/smartcontractkit/chainlink-stellar/bindings/contracts/committee_verifier/client.go:391.2,391.15 1 0
github.com/smartcontractkit/chainlink-stellar/bindings/contracts/committee_verifier/client.go:395.149,403.16 3 0
github.com/smartcontractkit/chainlink-stellar/bindings/contracts/committee_verifier/client.go:403.16,405.3 1 0
github.com/smartcontractkit/chainlink-stellar/bindings/contracts/committee_verifier/client.go:407.2,408.12 2 0
github.com/smartcontractkit/chainlink-stellar/bindings/contracts/committee_verifier/client.go:412.100,418.16 3 0
github.com/smartcontractkit/chainlink-stellar/bindings/contracts/committee_verifier/client.go:418.16,420.3 1 0
github.com/smartcontractkit/chainlink-stellar/bindings/contracts/committee_verifier/client.go:422.2,423.12 2 0
github.com/smartcontractkit/chainlink-stellar/bindings/contracts/committee_verifier/client.go:427.135,433.16 3 0
github.com/smartcontractkit/chainlink-stellar/bindings/contracts/committee_verifier/client.go:433.16,435.3 1 0
github.com/smartcontractkit/chainlink-stellar/bindings/contracts/committee_verifier/client.go:437.2,437.19 1 0
github.com/smartcontractkit/chainlink-stellar/bindings/contracts/committee_verifier/client.go:437.19,439.3 1 0
github.com/smartcontractkit/chainlink-stellar/bindings/contracts/committee_verifier/client.go:441.2,441.48 1 0
github.com/smartcontractkit/chainlink-stellar/bindings/contracts/committee_verifier/client.go:445.101,451.16 3 0
github.com/smartcontractkit/chainlink-stellar/bindings/contracts/committee_verifier/client.go:451.16,453.3 1 0
github.com/smartcontractkit/chainlink-stellar/bindings/contracts/committee_verifier/client.go:455.2,455.19 1 0
github.com/smartcontractkit/chainlink-stellar/bindings/contracts/committee_verifier/client.go:455.19,457.3 1 0
github.com/smartcontractkit/chainlink-stellar/bindings/contracts/committee_verifier/client.go:459.2,460.9 2 0
github.com/smartcontractkit/chainlink-stellar/bindings/contracts/committee_verifier/client.go:460.9,462.3 1 0
github.com/smartcontractkit/chainlink-stellar/bindings/contracts/committee_verifier/client.go:463.2,463.15 1 0
github.com/smartcontractkit/chainlink-stellar/bindings/contracts/committee_verifier/client.go:467.109,474.16 3 0
github.com/smartcontractkit/chainlink-stellar/bindings/contracts/committee_verifier/client.go:474.16,476.3 1 0
github.com/smartcontractkit/chainlink-stellar/bindings/contracts/committee_verifier/client.go:478.2,479.12 2 0
github.com/smartcontractkit/chainlink-stellar/bindings/contracts/committee_verifier/client.go:483.116,489.16 3 0
github.com/smartcontractkit/chainlink-stellar/bindings/contracts/committee_verifier/client.go:489.16,491.3 1 0
github.com/smartcontractkit/chainlink-stellar/bindings/contracts/committee_verifier/client.go:493.2,493.19 1 0
github.com/smartcontractkit/chainlink-stellar/bindings/contracts/committee_verifier/client.go:493.19,495.3 1 0
github.com/smartcontractkit/chainlink-stellar/bindings/contracts/committee_verifier/client.go:497.2,498.9 2 0
github.com/smartcontractkit/chainlink-stellar/bindings/contracts/committee_verifier/client.go:498.9,500.3 1 0
github.com/smartcontractkit/chainlink-stellar/bindings/contracts/committee_verifier/client.go:501.2,501.23 1 0
github.com/smartcontractkit/chainlink-stellar/bindings/contracts/committee_verifier/client.go:505.94,509.16 3 0
github.com/smartcontractkit/chainlink-stellar/bindings/contracts/committee_verifier/client.go:509.16,511.3 1 0
github.com/smartcontractkit/chainlink-stellar/bindings/contracts/committee_verifier/client.go:513.2,513.19 1 0
github.com/smartcontractkit/chainlink-stellar/bindings/contracts/committee_verifier/client.go:513.19,515.3 1 0
github.com/smartcontractkit/chainlink-stellar/bindings/contracts/committee_verifier/client.go:517.2,518.23 2 0
github.com/smartcontractkit/chainlink-stellar/bindings/contracts/committee_verifier/client.go:518.23,520.3 1 0
github.com/smartcontractkit/chainlink-stellar/bindings/contracts/committee_verifier/client.go:521.2,522.28 2 0
github.com/smartcontractkit/chainlink-stellar/bindings/contracts/committee_verifier/client.go:522.28,524.10 2 0
github.com/smartcontractkit/chainlink-stellar/bindings/contracts/committee_verifier/client.go:524.10,526.4 1 0
github.com/smartcontractkit/chainlink-stellar/bindings/contracts/committee_verifier/client.go:527.3,527.21 1 0
github.com/smartcontractkit/chainlink-stellar/bindings/contracts/committee_verifier/client.go:529.2,529.17 1 0
github.com/smartcontractkit/chainlink-stellar/bindings/contracts/committee_verifier/client.go:533.111,539.16 3 0
github.com/smartcontractkit/chainlink-stellar/bindings/contracts/committee_verifier/client.go:539.16,541.3 1 0
github.com/smartcontractkit/chainlink-stellar/bindings/contracts/committee_verifier/client.go:543.2,544.12 2 0
github.com/smartcontractkit/chainlink-stellar/bindings/contracts/committee_verifier/client.go:548.157,555.16 3 0
github.com/smartcontractkit/chainlink-stellar/bindings/contracts/committee_verifier/client.go:555.16,557.3 1 0
github.com/smartcontractkit/chainlink-stellar/bindings/contracts/committee_verifier/client.go:559.2,560.12 2 0
github.com/smartcontractkit/chainlink-stellar/bindings/contracts/committee_verifier/client.go:564.133,570.16 3 0
github.com/smartcontractkit/chainlink-stellar/bindings/contracts/committee_verifier/client.go:570.16,572.3 1 0
github.com/smartcontractkit/chainlink-stellar/bindings/contracts/committee_verifier/client.go:574.2,574.19 1 0
github.com/smartcontractkit/chainlink-stellar/bindings/contracts/committee_verifier/client.go:574.19,576.3 1 0
github.com/smartcontractkit/chainlink-stellar/bindings/contracts/committee_verifier/client.go:578.2,578.44 1 0
github.com/smartcontractkit/chainlink-stellar/bindings/contracts/committee_verifier/client.go:582.108,588.16 3 0
github.com/smartcontractkit/chainlink-stellar/bindings/contracts/committee_verifier/client.go:588.16,590.3 1 0
github.com/smartcontractkit/chainlink-stellar/bindings/contracts/committee_verifier/client.go:592.2,593.12 2 0
github.com/smartcontractkit/chainlink-stellar/bindings/contracts/committee_verifier/client.go:597.86,601.16 3 0
github.com/smartcontractkit/chainlink-stellar/bindings/contracts/committee_verifier/client.go:601.16,603.3 1 0
github.com/smartcontractkit/chainlink-stellar/bindings/contracts/committee_verifier/client.go:605.2,606.12 2 0
github.com/smartcontractkit/chainlink-stellar/bindings/contracts/committee_verifier/client.go:610.112,614.16 3 0
github.com/smartcontractkit/chainlink-stellar/bindings/contracts/committee_verifier/client.go:614.16,616.3 1 0
github.com/smartcontractkit/chainlink-stellar/bindings/contracts/committee_verifier/client.go:618.2,618.19 1 0
github.com/smartcontractkit/chainlink-stellar/bindings/contracts/committee_verifier/client.go:618.19,620.3 1 0
github.com/smartcontractkit/chainlink-stellar/bindings/contracts/committee_verifier/client.go:622.2,623.23 2 0
github.com/smartcontractkit/chainlink-stellar/bindings/contracts/committee_verifier/client.go:623.23,625.3 1 0
github.com/smartcontractkit/chainlink-stellar/bindings/contracts/committee_verifier/client.go:626.2,627.28 2 0
github.com/smartcontractkit/chainlink-stellar/bindings/contracts/committee_verifier/client.go:627.28,629.17 2 0
github.com/smartcontractkit/chainlink-stellar/bindings/contracts/committee_verifier/client.go:629.17,631.4 1 0
github.com/smartcontractkit/chainlink-stellar/bindings/contracts/committee_verifier/client.go:632.3,632.14 1 0
github.com/smartcontractkit/chainlink-stellar/bindings/contracts/committee_verifier/client.go:634.2,634.17 1 0
github.com/smartcontractkit/chainlink-stellar/bindings/contracts/committee_verifier/client.go:638.97,642.16 3 0
github.com/smartcontractkit/chainlink-stellar/bindings/contracts/committee_verifier/client.go:642.16,644.3 1 0
github.com/smartcontractkit/chainlink-stellar/bindings/contracts/committee_verifier/client.go:646.2,646.19 1 0
github.com/smartcontractkit/chainlink-stellar/bindings/contracts/committee_verifier/client.go:646.19,648.3 1 0
github.com/smartcontractkit/chainlink-stellar/bindings/contracts/committee_verifier/client.go:650.2,651.16 2 0
github.com/smartcontractkit/chainlink-stellar/bindings/contracts/committee_verifier/client.go:651.16,653.3 1 0
github.com/smartcontractkit/chainlink-stellar/bindings/contracts/committee_verifier/client.go:654.2,654.15 1 0
github.com/smartcontractkit/chainlink-stellar/bindings/contracts/committee_verifier/client.go:658.99,662.16 3 0
github.com/smartcontractkit/chainlink-stellar/bindings/contracts/committee_verifier/client.go:662.16,664.3 1 0
github.com/smartcontractkit/chainlink-stellar/bindings/contracts/committee_verifier/client.go:666.2,666.19 1 0
github.com/smartcontractkit/chainlink-stellar/bindings/contracts/committee_verifier/client.go:666.19,668.3 1 0
github.com/smartcontractkit/chainlink-stellar/bindings/contracts/committee_verifier/client.go:670.2,671.16 2 0
github.com/smartcontractkit/chainlink-stellar/bindings/contracts/committee_verifier/client.go:671.16,673.3 1 0
github.com/smartcontractkit/chainlink-stellar/bindings/contracts/committee_verifier/client.go:674.2,674.15 1 0
github.com/smartcontractkit/chainlink-stellar/bindings/contracts/committee_verifier/client.go:678.90,682.16 3 0
github.com/smartcontractkit/chainlink-stellar/bindings/contracts/committee_verifier/client.go:682.16,684.3 1 0
github.com/smartcontractkit/chainlink-stellar/bindings/contracts/committee_verifier/client.go:686.2,687.12 2 0
github.com/smartcontractkit/chainlink-stellar/bindings/contracts/committee_verifier/client.go:691.132,697.16 3 0
github.com/smartcontractkit/chainlink-stellar/bindings/contracts/committee_verifier/client.go:697.16,699.3 1 0
github.com/smartcontractkit/chainlink-stellar/bindings/contracts/committee_verifier/client.go:701.2,702.12 2 0
github.com/smartcontractkit/chainlink-stellar/bindings/contracts/committee_verifier/client.go:706.103,712.16 3 0
github.com/smartcontractkit/chainlink-stellar/bindings/contracts/committee_verifier/client.go:712.16,714.3 1 0
github.com/smartcontractkit/chainlink-stellar/bindings/contracts/committee_verifier/client.go:716.2,717.12 2 0
github.com/smartcontractkit/chainlink-stellar/bindings/contracts/committee_verifier/client.go:721.181,726.6 4 0
github.com/smartcontractkit/chainlink-stellar/bindings/contracts/committee_verifier/client.go:726.6,727.10 1 0
github.com/smartcontractkit/chainlink-stellar/bindings/contracts/committee_verifier/client.go:728.21,729.25 1 0
github.com/smartcontractkit/chainlink-stellar/bindings/contracts/committee_verifier/client.go:730.19,731.39 1 0
github.com/smartcontractkit/chainlink-stellar/bindings/contracts/committee_verifier/client.go:731.39,733.5 1 0
github.com/smartcontractkit/chainlink-stellar/bindings/contracts/committee_verifier/client.go:735.4,736.18 2 0
github.com/smartcontractkit/chainlink-stellar/bindings/contracts/committee_verifier/client.go:736.18,737.13 1 0
github.com/smartcontractkit/chainlink-stellar/bindings/contracts/committee_verifier/client.go:740.4,740.29 1 0
github.com/smartcontractkit/chainlink-stellar/bindings/contracts/committee_verifier/client.go:740.29,742.19 2 0
github.com/smartcontractkit/chainlink-stellar/bindings/contracts/committee_verifier/client.go:742.19,743.14 1 0
github.com/smartcontractkit/chainlink-stellar/bindings/contracts/committee_verifier/client.go:745.5,745.40 1 0
github.com/smartcontractkit/chainlink-stellar/bindings/contracts/committee_verifier/client.go:745.40,747.6 1 0
github.com/smartcontractkit/chainlink-stellar/bindings/contracts/committee_verifier/client.go:753.76,755.71 2 0
github.com/smartcontractkit/chainlink-stellar/bindings/contracts/committee_verifier/client.go:755.71,757.3 1 0
github.com/smartcontractkit/chainlink-stellar/bindings/contracts/committee_verifier/client.go:759.2,760.25 2 0
github.com/smartcontractkit/chainlink-stellar/bindings/contracts/committee_verifier/client.go:760.25,762.3 1 0
github.com/smartcontractkit/chainlink-stellar/bindings/contracts/committee_verifier/client.go:764.2,769.31 2 0
github.com/smartcontractkit/chainlink-stellar/bindings/contracts/committee_verifier/client.go:769.31,771.10 2 0
github.com/smartcontractkit/chainlink-stellar/bindings/contracts/committee_verifier/client.go:771.10,772.12 1 0
github.com/smartcontractkit/chainlink-stellar/bindings/contracts/committee_verifier/client.go:775.3,775.22 1 0
github.com/smartcontractkit/chainlink-stellar/bindings/contracts/committee_verifier/client.go:776.25,778.18 2 0
github.com/smartcontractkit/chainlink-stellar/bindings/contracts/committee_verifier/client.go:778.18,780.5 1 0
github.com/smartcontractkit/chainlink-stellar/bindings/contracts/committee_verifier/client.go:784.2,784.20 1 0
github.com/smartcontractkit/chainlink-stellar/bindings/contracts/committee_verifier/client.go:788.208,793.6 4 0
github.com/smartcontractkit/chainlink-stellar/bindings/contracts/committee_verifier/client.go:793.6,794.10 1 0
github.com/smartcontractkit/chainlink-stellar/bindings/contracts/committee_verifier/client.go:795.21,796.25 1 0
github.com/smartcontractkit/chainlink-stellar/bindings/contracts/committee_verifier/client.go:797.19,798.39 1 0
github.com/smartcontractkit/chainlink-stellar/bindings/contracts/committee_verifier/client.go:798.39,800.5 1 0
github.com/smartcontractkit/chainlink-stellar/bindings/contracts/committee_verifier/client.go:802.4,803.18 2 0
github.com/smartcontractkit/chainlink-stellar/bindings/contracts/committee_verifier/client.go:803.18,804.13 1 0
github.com/smartcontractkit/chainlink-stellar/bindings/contracts/committee_verifier/client.go:807.4,807.29 1 0
github.com/smartcontractkit/chainlink-stellar/bindings/contracts/committee_verifier/client.go:807.29,809.19 2 0
github.com/smartcontractkit/chainlink-stellar/bindings/contracts/committee_verifier/client.go:809.19,810.14 1 0
github.com/smartcontractkit/chainlink-stellar/bindings/contracts/committee_verifier/client.go:812.5,812.40 1 0
github.com/smartcontractkit/chainlink-stellar/bindings/contracts/committee_verifier/client.go:812.40,814.6 1 0
github.com/smartcontractkit/chainlink-stellar/bindings/contracts/committee_verifier/client.go:820.94,822.71 2 0
github.com/smartcontractkit/chainlink-stellar/bindings/contracts/committee_verifier/client.go:822.71,824.3 1 0
github.com/smartcontractkit/chainlink-stellar/bindings/contracts/committee_verifier/client.go:826.2,827.25 2 0
github.com/smartcontractkit/chainlink-stellar/bindings/contracts/committee_verifier/client.go:827.25,829.3 1 0
github.com/smartcontractkit/chainlink-stellar/bindings/contracts/committee_verifier/client.go:831.2,836.31 2 0
github.com/smartcontractkit/chainlink-stellar/bindings/contracts/committee_verifier/client.go:836.31,838.10 2 0
github.com/smartcontractkit/chainlink-stellar/bindings/contracts/committee_verifier/client.go:838.10,839.12 1 0
github.com/smartcontractkit/chainlink-stellar/bindings/contracts/committee_verifier/client.go:842.3,842.22 1 0
github.com/smartcontractkit/chainlink-stellar/bindings/contracts/committee_verifier/client.go:843.32,845.18 2 0
github.com/smartcontractkit/chainlink-stellar/bindings/contracts/committee_verifier/client.go:845.18,847.5 1 0
github.com/smartcontractkit/chainlink-stellar/bindings/contracts/committee_verifier/client.go:848.18,850.24 2 0
github.com/smartcontractkit/chainlink-stellar/bindings/contracts/committee_verifier/client.go:850.24,852.31 2 0
github.com/smartcontractkit/chainlink-stellar/bindings/contracts/committee_verifier/client.go:852.31,854.20 2 0
github.com/smartcontractkit/chainlink-stellar/bindings/contracts/committee_verifier/client.go:854.20,856.7 1 0
github.com/smartcontractkit/chainlink-stellar/bindings/contracts/committee_verifier/client.go:858.5,858.28 1 0
github.com/smartcontractkit/chainlink-stellar/bindings/contracts/committee_verifier/client.go:860.20,862.10 2 0
github.com/smartcontractkit/chainlink-stellar/bindings/contracts/committee_verifier/client.go:862.10,864.5 1 0
github.com/smartcontractkit/chainlink-stellar/bindings/contracts/committee_verifier/client.go:868.2,868.20 1 0
github.com/smartcontractkit/chainlink-stellar/bindings/contracts/committee_verifier/client.go:872.214,877.6 4 0
github.com/smartcontractkit/chainlink-stellar/bindings/contracts/committee_verifier/client.go:877.6,878.10 1 0
github.com/smartcontractkit/chainlink-stellar/bindings/contracts/committee_verifier/client.go:879.21,880.25 1 0
github.com/smartcontractkit/chainlink-stellar/bindings/contracts/committee_verifier/client.go:881.19,882.39 1 0
github.com/smartcontractkit/chainlink-stellar/bindings/contracts/committee_verifier/client.go:882.39,884.5 1 0
github.com/smartcontractkit/chainlink-stellar/bindings/contracts/committee_verifier/client.go:886.4,887.18 2 0
github.com/smartcontractkit/chainlink-stellar/bindings/contracts/committee_verifier/client.go:887.18,888.13 1 0
github.com/smartcontractkit/chainlink-stellar/bindings/contracts/committee_verifier/client.go:891.4,891.29 1 0
github.com/smartcontractkit/chainlink-stellar/bindings/contracts/committee_verifier/client.go:891.29,893.19 2 0
github.com/smartcontractkit/chainlink-stellar/bindings/contracts/committee_verifier/client.go:893.19,894.14 1 0
github.com/smartcontractkit/chainlink-stellar/bindings/contracts/committee_verifier/client.go:896.5,896.40 1 0
github.com/smartcontractkit/chainlink-stellar/bindings/contracts/committee_verifier/client.go:896.40,898.6 1 0
github.com/smartcontractkit/chainlink-stellar/bindings/contracts/committee_verifier/client.go:904.98,906.71 2 0
github.com/smartcontractkit/chainlink-stellar/bindings/contracts/committee_verifier/client.go:906.71,908.3 1 0
github.com/smartcontractkit/chainlink-stellar/bindings/contracts/committee_verifier/client.go:910.2,911.25 2 0
github.com/smartcontractkit/chainlink-stellar/bindings/contracts/committee_verifier/client.go:911.25,913.3 1 0
github.com/smartcontractkit/chainlink-stellar/bindings/contracts/committee_verifier/client.go:915.2,920.31 2 0
github.com/smartcontractkit/chainlink-stellar/bindings/contracts/committee_verifier/client.go:920.31,922.10 2 0
github.com/smartcontractkit/chainlink-stellar/bindings/contracts/committee_verifier/client.go:922.10,923.12 1 0
github.com/smartcontractkit/chainlink-stellar/bindings/contracts/committee_verifier/client.go:926.3,926.22 1 0
github.com/smartcontractkit/chainlink-stellar/bindings/contracts/committee_verifier/client.go:927.32,929.18 2 0
github.com/smartcontractkit/chainlink-stellar/bindings/contracts/committee_verifier/client.go:929.18,931.5 1 0
github.com/smartcontractkit/chainlink-stellar/bindings/contracts/committee_verifier/client.go:932.17,934.18 2 0
github.com/smartcontractkit/chainlink-stellar/bindings/contracts/committee_verifier/client.go:934.18,936.5 1 0
github.com/smartcontractkit/chainlink-stellar/bindings/contracts/committee_verifier/client.go:937.28,939.10 2 0
github.com/smartcontractkit/chainlink-stellar/bindings/contracts/committee_verifier/client.go:939.10,941.5 1 0
github.com/smartcontractkit/chainlink-stellar/bindings/contracts/committee_verifier/client.go:945.2,945.20 1 0
github.com/smartcontractkit/chainlink-stellar/bindings/contracts/committee_verifier/client.go:949.217,954.6 4 0
github.com/smartcontractkit/chainlink-stellar/bindings/contracts/committee_verifier/client.go:954.6,955.10 1 0
github.com/smartcontractkit/chainlink-stellar/bindings/contracts/committee_verifier/client.go:956.21,957.25 1 0
github.com/smartcontractkit/chainlink-stellar/bindings/contracts/committee_verifier/client.go:958.19,959.39 1 0
github.com/smartcontractkit/chainlink-stellar/bindings/contracts/committee_verifier/client.go:959.39,961.5 1 0
github.com/smartcontractkit/chainlink-stellar/bindings/contracts/committee_verifier/client.go:963.4,964.18 2 0
github.com/smartcontractkit/chainlink-stellar/bindings/contracts/committee_verifier/client.go:964.18,965.13 1 0
github.com/smartcontractkit/chainlink-stellar/bindings/contracts/committee_verifier/client.go:968.4,968.29 1 0
github.com/smartcontractkit/chainlink-stellar/bindings/contracts/committee_verifier/client.go:968.29,970.19 2 0
github.com/smartcontractkit/chainlink-stellar/bindings/contracts/committee_verifier/client.go:970.19,971.14 1 0
github.com/smartcontractkit/chainlink-stellar/bindings/contracts/committee_verifier/client.go:973.5,973.40 1 0
github.com/smartcontractkit/chainlink-stellar/bindings/contracts/committee_verifier/client.go:973.40,975.6 1 0
github.com/smartcontractkit/chainlink-stellar/bindings/contracts/committee_verifier/client.go:981.100,983.71 2 0
github.com/smartcontractkit/chainlink-stellar/bindings/contracts/committee_verifier/client.go:983.71,985.3 1 0
github.com/smartcontractkit/chainlink-stellar/bindings/contracts/committee_verifier/client.go:987.2,988.25 2 0
github.com/smartcontractkit/chainlink-stellar/bindings/contracts/committee_verifier/client.go:988.25,990.3 1 0
github.com/smartcontractkit/chainlink-stellar/bindings/contracts/committee_verifier/client.go:992.2,997.31 2 0
github.com/smartcontractkit/chainlink-stellar/bindings/contracts/committee_verifier/client.go:997.31,999.10 2 0
github.com/smartcontractkit/chainlink-stellar/bindings/contracts/committee_verifier/client.go:999.10,1000.12 1 0
github.com/smartcontractkit/chainlink-stellar/bindings/contracts/committee_verifier/client.go:1003.3,1003.22 1 0
github.com/smartcontractkit/chainlink-stellar/bindings/contracts/committee_verifier/client.go:1004.30,1006.18 2 0
github.com/smartcontractkit/chainlink-stellar/bindings/contracts/committee_verifier/client.go:1006.18,1008.5 1 0
github.com/smartcontractkit/chainlink-stellar/bindings/contracts/committee_verifier/client.go:1009.17,1011.18 2 0
github.com/smartcontractkit/chainlink-stellar/bindings/contracts/committee_verifier/client.go:1011.18,1013.5 1 0
github.com/smartcontractkit/chainlink-stellar/bindings/contracts/committee_verifier/client.go:1017.2,1017.20 1 0
github.com/smartcontractkit/chainlink-stellar/bindings/contracts/committee_verifier/client.go:1021.217,1026.6 4 0
github.com/smartcontractkit/chainlink-stellar/bindings/contracts/committee_verifier/client.go:1026.6,1027.10 1 0
github.com/smartcontractkit/chainlink-stellar/bindings/contracts/committee_verifier/client.go:1028.21,1029.25 1 0
github.com/smartcontractkit/chainlink-stellar/bindings/contracts/committee_verifier/client.go:1030.19,1031.39 1 0
github.com/smartcontractkit/chainlink-stellar/bindings/contracts/committee_verifier/client.go:1031.39,1033.5 1 0
github.com/smartcontractkit/chainlink-stellar/bindings/contracts/committee_verifier/client.go:1035.4,1036.18 2 0
github.com/smartcontractkit/chainlink-stellar/bindings/contracts/committee_verifier/client.go:1036.18,1037.13 1 0
github.com/smartcontractkit/chainlink-stellar/bindings/contracts/committee_verifier/client.go:1040.4,1040.29 1 0
github.com/smartcontractkit/chainlink-stellar/bindings/contracts/committee_verifier/client.go:1040.29,1042.19 2 0
github.com/smartcontractkit/chainlink-stellar/bindings/contracts/committee_verifier/client.go:1042.19,1043.14 1 0
github.com/smartcontractkit/chainlink-stellar/bindings/contracts/committee_verifier/client.go:1045.5,1045.40 1 0
github.com/smartcontractkit/chainlink-stellar/bindings/contracts/committee_verifier/client.go:1045.40,1047.6 1 0
github.com/smartcontractkit/chainlink-stellar/bindings/contracts/committee_verifier/client.go:1053.100,1055.71 2 0
github.com/smartcontractkit/chainlink-stellar/bindings/contracts/committee_verifier/client.go:1055.71,1057.3 1 0
github.com/smartcontractkit/chainlink-stellar/bindings/contracts/committee_verifier/client.go:1059.2,1060.25 2 0
github.com/smartcontractkit/chainlink-stellar/bindings/contracts/committee_verifier/client.go:1060.25,1062.3 1 0
github.com/smartcontractkit/chainlink-stellar/bindings/contracts/committee_verifier/client.go:1064.2,1069.31 2 0
github.com/smartcontractkit/chainlink-stellar/bindings/contracts/committee_verifier/client.go:1069.31,1071.10 2 0
github.com/smartcontractkit/chainlink-stellar/bindings/contracts/committee_verifier/client.go:1071.10,1072.12 1 0
github.com/smartcontractkit/chainlink-stellar/bindings/contracts/committee_verifier/client.go:1075.3,1075.22 1 0
github.com/smartcontractkit/chainlink-stellar/bindings/contracts/committee_verifier/client.go:1076.30,1078.18 2 0
github.com/smartcontractkit/chainlink-stellar/bindings/contracts/committee_verifier/client.go:1078.18,1080.5 1 0
github.com/smartcontractkit/chainlink-stellar/bindings/contracts/committee_verifier/client.go:1081.28,1083.10 2 0
github.com/smartcontractkit/chainlink-stellar/bindings/contracts/committee_verifier/client.go:1083.10,1085.5 1 0
github.com/smartcontractkit/chainlink-stellar/bindings/contracts/committee_verifier/client.go:1089.2,1089.20 1 0
github.com/smartcontractkit/chainlink-stellar/bindings/contracts/committee_verifier/client.go:1093.223,1098.6 4 0
github.com/smartcontractkit/chainlink-stellar/bindings/contracts/committee_verifier/client.go:1098.6,1099.10 1 0
github.com/smartcontractkit/chainlink-stellar/bindings/contracts/committee_verifier/client.go:1100.21,1101.25 1 0
github.com/smartcontractkit/chainlink-stellar/bindings/contracts/committee_verifier/client.go:1102.19,1103.39 1 0
github.com/smartcontractkit/chainlink-stellar/bindings/contracts/committee_verifier/client.go:1103.39,1105.5 1 0
github.com/smartcontractkit/chainlink-stellar/bindings/contracts/committee_verifier/client.go:1107.4,1108.18 2 0
github.com/smartcontractkit/chainlink-stellar/bindings/contracts/committee_verifier/client.go:1108.18,1109.13 1 0
github.com/smartcontractkit/chainlink-stellar/bindings/contracts/committee_verifier/client.go:1112.4,1112.29 1 0
github.com/smartcontractkit/chainlink-stellar/bindings/contracts/committee_verifier/client.go:1112.29,1114.19 2 0
github.com/smartcontractkit/chainlink-stellar/bindings/contracts/committee_verifier/client.go:1114.19,1115.14 1 0
github.com/smartcontractkit/chainlink-stellar/bindings/contracts/committee_verifier/client.go:1117.5,1117.40 1 0
github.com/smartcontractkit/chainlink-stellar/bindings/contracts/committee_verifier/client.go:1117.40,1119.6 1 0
github.com/smartcontractkit/chainlink-stellar/bindings/contracts/committee_verifier/client.go:1125.104,1127.71 2 0
github.com/smartcontractkit/chainlink-stellar/bindings/contracts/committee_verifier/client.go:1127.71,1129.3 1 0
github.com/smartcontractkit/chainlink-stellar/bindings/contracts/committee_verifier/client.go:1131.2,1132.25 2 0
github.com/smartcontractkit/chainlink-stellar/bindings/contracts/committee_verifier/client.go:1132.25,1134.3 1 0
github.com/smartcontractkit/chainlink-stellar/bindings/contracts/committee_verifier/client.go:1136.2,1141.31 2 0
github.com/smartcontractkit/chainlink-stellar/bindings/contracts/committee_verifier/client.go:1141.31,1143.10 2 0
github.com/smartcontractkit/chainlink-stellar/bindings/contracts/committee_verifier/client.go:1143.10,1144.12 1 0
github.com/smartcontractkit/chainlink-stellar/bindings/contracts/committee_verifier/client.go:1147.3,1147.22 1 0
github.com/smartcontractkit/chainlink-stellar/bindings/contracts/committee_verifier/client.go:1148.30,1150.18 2 0
github.com/smartcontractkit/chainlink-stellar/bindings/contracts/committee_verifier/client.go:1150.18,1152.5 1 0
github.com/smartcontractkit/chainlink-stellar/bindings/contracts/committee_verifier/client.go:1153.17,1155.18 2 0
github.com/smartcontractkit/chainlink-stellar/bindings/contracts/committee_verifier/client.go:1155.18,1157.5 1 0
github.com/smartcontractkit/chainlink-stellar/bindings/contracts/committee_verifier/client.go:1161.2,1161.20 1 0
github.com/smartcontractkit/chainlink-stellar/bindings/contracts/committee_verifier/client.go:1165.223,1170.6 4 0
github.com/smartcontractkit/chainlink-stellar/bindings/contracts/committee_verifier/client.go:1170.6,1171.10 1 0
github.com/smartcontractkit/chainlink-stellar/bindings/contracts/committee_verifier/client.go:1172.21,1173.25 1 0
github.com/smartcontractkit/chainlink-stellar/bindings/contracts/committee_verifier/client.go:1174.19,1175.39 1 0
github.com/smartcontractkit/chainlink-stellar/bindings/contracts/committee_verifier/client.go:1175.39,1177.5 1 0
github.com/smartcontractkit/chainlink-stellar/bindings/contracts/committee_verifier/client.go:1179.4,1180.18 2 0
github.com/smartcontractkit/chainlink-stellar/bindings/contracts/committee_verifier/client.go:1180.18,1181.13 1 0
github.com/smartcontractkit/chainlink-stellar/bindings/contracts/committee_verifier/client.go:1184.4,1184.29 1 0
github.com/smartcontractkit/chainlink-stellar/bindings/contracts/committee_verifier/client.go:1184.29,1186.19 2 0
github.com/smartcontractkit/chainlink-stellar/bindings/contracts/committee_verifier/client.go:1186.19,1187.14 1 0
github.com/smartcontractkit/chainlink-stellar/bindings/contracts/committee_verifier/client.go:1189.5,1189.40 1 0
github.com/smartcontractkit/chainlink-stellar/bindings/contracts/committee_verifier/client.go:1189.40,1191.6 1 0
github.com/smartcontractkit/chainlink-stellar/bindings/contracts/committee_verifier/client.go:1197.104,1199.71 2 0
github.com/smartcontractkit/chainlink-stellar/bindings/contracts/committee_verifier/client.go:1199.71,1201.3 1 0
github.com/smartcontractkit/chainlink-stellar/bindings/contracts/committee_verifier/client.go:1203.2,1204.25 2 0
github.com/smartcontractkit/chainlink-stellar/bindings/contracts/committee_verifier/client.go:1204.25,1206.3 1 0
github.com/smartcontractkit/chainlink-stellar/bindings/contracts/committee_verifier/client.go:1208.2,1213.31 2 0
github.com/smartcontractkit/chainlink-stellar/bindings/contracts/committee_verifier/client.go:1213.31,1215.10 2 0
github.com/smartcontractkit/chainlink-stellar/bindings/contracts/committee_verifier/client.go:1215.10,1216.12 1 0
github.com/smartcontractkit/chainlink-stellar/bindings/contracts/committee_verifier/client.go:1219.3,1219.22 1 0
github.com/smartcontractkit/chainlink-stellar/bindings/contracts/committee_verifier/client.go:1220.15,1222.18 2 0
github.com/smartcontractkit/chainlink-stellar/bindings/contracts/committee_verifier/client.go:1222.18,1224.5 1 0
github.com/smartcontractkit/chainlink-stellar/bindings/contracts/committee_verifier/client.go:1225.13,1227.18 2 0
github.com/smartcontractkit/chainlink-stellar/bindings/contracts/committee_verifier/client.go:1227.18,1229.5 1 0
github.com/smartcontractkit/chainlink-stellar/bindings/contracts/committee_verifier/client.go:1233.2,1233.20 1 0
github.com/smartcontractkit/chainlink-stellar/bindings/contracts/committee_verifier/client.go:1237.223,1242.6 4 0
github.com/smartcontractkit/chainlink-stellar/bindings/contracts/committee_verifier/client.go:1242.6,1243.10 1 0
github.com/smartcontractkit/chainlink-stellar/bindings/contracts/committee_verifier/client.go:1244.21,1245.25 1 0
github.com/smartcontractkit/chainlink-stellar/bindings/contracts/committee_verifier/client.go:1246.19,1247.39 1 0
github.com/smartcontractkit/chainlink-stellar/bindings/contracts/committee_verifier/client.go:1247.39,1249.5 1 0
github.com/smartcontractkit/chainlink-stellar/bindings/contracts/committee_verifier/client.go:1251.4,1252.18 2 0
github.com/smartcontractkit/chainlink-stellar/bindings/contracts/committee_verifier/client.go:1252.18,1253.13 1 0
github.com/smartcontractkit/chainlink-stellar/bindings/contracts/committee_verifier/client.go:1256.4,1256.29 1 0
github.com/smartcontractkit/chainlink-stellar/bindings/contracts/committee_verifier/client.go:1256.29,1258.19 2 0
github.com/smartcontractkit/chainlink-stellar/bindings/contracts/committee_verifier/client.go:1258.19,1259.14 1 0
github.com/smartcontractkit/chainlink-stellar/bindings/contracts/committee_verifier/client.go:1261.5,1261.40 1 0
github.com/smartcontractkit/chainlink-stellar/bindings/contracts/committee_verifier/client.go:1261.40,1263.6 1 0
github.com/smartcontractkit/chainlink-stellar/bindings/contracts/committee_verifier/client.go:1269.104,1271.71 2 0
github.com/smartcontractkit/chainlink-stellar/bindings/contracts/committee_verifier/client.go:1271.71,1273.3 1 0
github.com/smartcontractkit/chainlink-stellar/bindings/contracts/committee_verifier/client.go:1275.2,1276.25 2 0
github.com/smartcontractkit/chainlink-stellar/bindings/contracts/committee_verifier/client.go:1276.25,1278.3 1 0
github.com/smartcontractkit/chainlink-stellar/bindings/contracts/committee_verifier/client.go:1280.2,1285.31 2 0
github.com/smartcontractkit/chainlink-stellar/bindings/contracts/committee_verifier/client.go:1285.31,1287.10 2 0
github.com/smartcontractkit/chainlink-stellar/bindings/contracts/committee_verifier/client.go:1287.10,1288.12 1 0
github.com/smartcontractkit/chainlink-stellar/bindings/contracts/committee_verifier/client.go:1291.3,1291.22 1 0
github.com/smartcontractkit/chainlink-stellar/bindings/contracts/committee_verifier/client.go:1292.15,1294.18 2 0
github.com/smartcontractkit/chainlink-stellar/bindings/contracts/committee_verifier/client.go:1294.18,1296.5 1 0
github.com/smartcontractkit/chainlink-stellar/bindings/contracts/committee_verifier/client.go:1297.13,1299.18 2 0
github.com/smartcontractkit/chainlink-stellar/bindings/contracts/committee_verifier/client.go:1299.18,1301.5 1 0
github.com/smartcontractkit/chainlink-stellar/bindings/contracts/committee_verifier/client.go:1305.2,1305.20 1 0
github.com/smartcontractkit/chainlink-stellar/bindings/contracts/committee_verifier/client.go:1309.223,1314.6 4 0
github.com/smartcontractkit/chainlink-stellar/bindings/contracts/committee_verifier/client.go:1314.6,1315.10 1 0
github.com/smartcontractkit/chainlink-stellar/bindings/contracts/committee_verifier/client.go:1316.21,1317.25 1 0
github.com/smartcontractkit/chainlink-stellar/bindings/contracts/committee_verifier/client.go:1318.19,1319.39 1 0
github.com/smartcontractkit/chainlink-stellar/bindings/contracts/committee_verifier/client.go:1319.39,1321.5 1 0
github.com/smartcontractkit/chainlink-stellar/bindings/contracts/committee_verifier/client.go:1323.4,1324.18 2 0
github.com/smartcontractkit/chainlink-stellar/bindings/contracts/committee_verifier/client.go:1324.18,1325.13 1 0
github.com/smartcontractkit/chainlink-stellar/bindings/contracts/committee_verifier/client.go:1328.4,1328.29 1 0
github.com/smartcontractkit/chainlink-stellar/bindings/contracts/committee_verifier/client.go:1328.29,1330.19 2 0
github.com/smartcontractkit/chainlink-stellar/bindings/contracts/committee_verifier/client.go:1330.19,1331.14 1 0
github.com/smartcontractkit/chainlink-stellar/bindings/contracts/committee_verifier/client.go:1333.5,1333.40 1 0
github.com/smartcontractkit/chainlink-stellar/bindings/contracts/committee_verifier/client.go:1333.40,1335.6 1 0
github.com/smartcontractkit/chainlink-stellar/bindings/contracts/committee_verifier/client.go:1341.104,1343.71 2 0
github.com/smartcontractkit/chainlink-stellar/bindings/contracts/committee_verifier/client.go:1343.71,1345.3 1 0
github.com/smartcontractkit/chainlink-stellar/bindings/contracts/committee_verifier/client.go:1347.2,1348.25 2 0
github.com/smartcontractkit/chainlink-stellar/bindings/contracts/committee_verifier/client.go:1348.25,1350.3 1 0
github.com/smartcontractkit/chainlink-stellar/bindings/contracts/committee_verifier/client.go:1352.2,1357.31 2 0
github.com/smartcontractkit/chainlink-stellar/bindings/contracts/committee_verifier/client.go:1357.31,1359.10 2 0
github.com/smartcontractkit/chainlink-stellar/bindings/contracts/committee_verifier/client.go:1359.10,1360.12 1 0
github.com/smartcontractkit/chainlink-stellar/bindings/contracts/committee_verifier/client.go:1363.3,1363.22 1 0
github.com/smartcontractkit/chainlink-stellar/bindings/contracts/committee_verifier/client.go:1364.24,1366.24 2 0
github.com/smartcontractkit/chainlink-stellar/bindings/contracts/committee_verifier/client.go:1366.24,1368.31 2 0
github.com/smartcontractkit/chainlink-stellar/bindings/contracts/committee_verifier/client.go:1368.31,1370.12 2 0
github.com/smartcontractkit/chainlink-stellar/bindings/contracts/committee_verifier/client.go:1370.12,1372.7 1 0
github.com/smartcontractkit/chainlink-stellar/bindings/contracts/committee_verifier/client.go:1374.5,1374.33 1 0
github.com/smartcontractkit/chainlink-stellar/bindings/contracts/committee_verifier/client.go:1376.24,1378.24 2 0
github.com/smartcontractkit/chainlink-stellar/bindings/contracts/committee_verifier/client.go:1378.24,1380.31 2 0
github.com/smartcontractkit/chainlink-stellar/bindings/contracts/committee_verifier/client.go:1380.31,1382.12 2 0
github.com/smartcontractkit/chainlink-stellar/bindings/contracts/committee_verifier/client.go:1382.12,1384.7 1 0
github.com/smartcontractkit/chainlink-stellar/bindings/contracts/committee_verifier/client.go:1386.5,1386.33 1 0
github.com/smartcontractkit/chainlink-stellar/bindings/contracts/committee_verifier/client.go:1391.2,1391.20 1 0
github.com/smartcontractkit/chainlink-stellar/bindings/contracts/committee_verifier/client.go:1395.187,1400.6 4 0
github.com/smartcontractkit/chainlink-stellar/bindings/contracts/committee_verifier/client.go:1400.6,1401.10 1 0
github.com/smartcontractkit/chainlink-stellar/bindings/contracts/committee_verifier/client.go:1402.21,1403.25 1 0
github.com/smartcontractkit/chainlink-stellar/bindings/contracts/committee_verifier/client.go:1404.19,1405.39 1 0
github.com/smartcontractkit/chainlink-stellar/bindings/contracts/committee_verifier/client.go:1405.39,1407.5 1 0
github.com/smartcontractkit/chainlink-stellar/bindings/contracts/committee_verifier/client.go:1409.4,1410.18 2 0
github.com/smartcontractkit/chainlink-stellar/bindings/contracts/committee_verifier/client.go:1410.18,1411.13 1 0
github.com/smartcontractkit/chainlink-stellar/bindings/contracts/committee_verifier/client.go:1414.4,1414.29 1 0
github.com/smartcontractkit/chainlink-stellar/bindings/contracts/committee_verifier/client.go:1414.29,1416.19 2 0
github.com/smartcontractkit/chainlink-stellar/bindings/contracts/committee_verifier/client.go:1416.19,1417.14 1 0
github.com/smartcontractkit/chainlink-stellar/bindings/contracts/committee_verifier/client.go:1419.5,1419.40 1 0
github.com/smartcontractkit/chainlink-stellar/bindings/contracts/committee_verifier/client.go:1419.40,1421.6 1 0
github.com/smartcontractkit/chainlink-stellar/bindings/contracts/committee_verifier/client.go:1427.80,1429.71 2 0
github.com/smartcontractkit/chainlink-stellar/bindings/contracts/committee_verifier/client.go:1429.71,1431.3 1 0
github.com/smartcontractkit/chainlink-stellar/bindings/contracts/committee_verifier/client.go:1433.2,1434.25 2 0
github.com/smartcontractkit/chainlink-stellar/bindings/contracts/committee_verifier/client.go:1434.25,1436.3 1 0
github.com/smartcontractkit/chainlink-stellar/bindings/contracts/committee_verifier/client.go:1438.2,1443.31 2 0
github.com/smartcontractkit/chainlink-stellar/bindings/contracts/committee_verifier/client.go:1443.31,1445.10 2 0
github.com/smartcontractkit/chainlink-stellar/bindings/contracts/committee_verifier/client.go:1445.10,1446.12 1 0
github.com/smartcontractkit/chainlink-stellar/bindings/contracts/committee_verifier/client.go:1449.3,1449.22 1 0
github.com/smartcontractkit/chainlink-stellar/bindings/contracts/committee_verifier/client.go:1450.15,1452.18 2 0
github.com/smartcontractkit/chainlink-stellar/bindings/contracts/committee_verifier/client.go:1452.18,1454.5 1 0
github.com/smartcontractkit/chainlink-stellar/bindings/contracts/committee_verifier/client.go:1455.18,1457.18 2 0
github.com/smartcontractkit/chainlink-stellar/bindings/contracts/committee_verifier/client.go:1457.18,1459.5 1 0
github.com/smartcontractkit/chainlink-stellar/bindings/contracts/committee_verifier/client.go:1460.17,1462.18 2 0
github.com/smartcontractkit/chainlink-stellar/bindings/contracts/committee_verifier/client.go:1462.18,1464.5 1 0
github.com/smartcontractkit/chainlink-stellar/bindings/contracts/committee_verifier/client.go:1468.2,1468.20 1 0
github.com/smartcontractkit/chainlink-stellar/bindings/contracts/committee_verifier/client.go:1472.187,1477.6 4 0
github.com/smartcontractkit/chainlink-stellar/bindings/contracts/committee_verifier/client.go:1477.6,1478.10 1 0
github.com/smartcontractkit/chainlink-stellar/bindings/contracts/committee_verifier/client.go:1479.21,1480.25 1 0
github.com/smartcontractkit/chainlink-stellar/bindings/contracts/committee_verifier/client.go:1481.19,1482.39 1 0
github.com/smartcontractkit/chainlink-stellar/bindings/contracts/committee_verifier/client.go:1482.39,1484.5 1 0
github.com/smartcontractkit/chainlink-stellar/bindings/contracts/committee_verifier/client.go:1486.4,1487.18 2 0
github.com/smartcontractkit/chainlink-stellar/bindings/contracts/committee_verifier/client.go:1487.18,1488.13 1 0
github.com/smartcontractkit/chainlink-stellar/bindings/contracts/committee_verifier/client.go:1491.4,1491.29 1 0
github.com/smartcontractkit/chainlink-stellar/bindings/contracts/committee_verifier/client.go:1491.29,1493.19 2 0
github.com/smartcontractkit/chainlink-stellar/bindings/contracts/committee_verifier/client.go:1493.19,1494.14 1 0
github.com/smartcontractkit/chainlink-stellar/bindings/contracts/committee_verifier/client.go:1496.5,1496.40 1 0
github.com/smartcontractkit/chainlink-stellar/bindings/contracts/committee_verifier/client.go:1496.40,1498.6 1 0
github.com/smartcontractkit/chainlink-stellar/bindings/contracts/committee_verifier/client.go:1504.80,1506.71 2 0
github.com/smartcontractkit/chainlink-stellar/bindings/contracts/committee_verifier/client.go:1506.71,1508.3 1 0
github.com/smartcontractkit/chainlink-stellar/bindings/contracts/committee_verifier/client.go:1510.2,1511.25 2 0
github.com/smartcontractkit/chainlink-stellar/bindings/contracts/committee_verifier/client.go:1511.25,1513.3 1 0
github.com/smartcontractkit/chainlink-stellar/bindings/contracts/committee_verifier/client.go:1515.2,1520.31 2 0
github.com/smartcontractkit/chainlink-stellar/bindings/contracts/committee_verifier/client.go:1520.31,1522.10 2 0
github.com/smartcontractkit/chainlink-stellar/bindings/contracts/committee_verifier/client.go:1522.10,1523.12 1 0
github.com/smartcontractkit/chainlink-stellar/bindings/contracts/committee_verifier/client.go:1526.3,1526.22 1 0
github.com/smartcontractkit/chainlink-stellar/bindings/contracts/committee_verifier/client.go:1527.15,1529.18 2 0
github.com/smartcontractkit/chainlink-stellar/bindings/contracts/committee_verifier/client.go:1529.18,1531.5 1 0
github.com/smartcontractkit/chainlink-stellar/bindings/contracts/committee_verifier/client.go:1532.18,1534.18 2 0
github.com/smartcontractkit/chainlink-stellar/bindings/contracts/committee_verifier/client.go:1534.18,1536.5 1 0
github.com/smartcontractkit/chainlink-stellar/bindings/contracts/committee_verifier/client.go:1537.17,1539.18 2 0
github.com/smartcontractkit/chainlink-stellar/bindings/contracts/committee_verifier/client.go:1539.18,1541.5 1 0
github.com/smartcontractkit/chainlink-stellar/bindings/contracts/committee_verifier/client.go:1545.2,1545.20 1 0
github.com/smartcontractkit/chainlink-stellar/bindings/contracts/committee_verifier/client.go:1549.217,1554.6 4 0
github.com/smartcontractkit/chainlink-stellar/bindings/contracts/committee_verifier/client.go:1554.6,1555.10 1 0
github.com/smartcontractkit/chainlink-stellar/bindings/contracts/committee_verifier/client.go:1556.21,1557.25 1 0
github.com/smartcontractkit/chainlink-stellar/bindings/contracts/committee_verifier/client.go:1558.19,1559.39 1 0
github.com/smartcontractkit/chainlink-stellar/bindings/contracts/committee_verifier/client.go:1559.39,1561.5 1 0
github.com/smartcontractkit/chainlink-stellar/bindings/contracts/committee_verifier/client.go:1563.4,1564.18 2 0
github.com/smartcontractkit/chainlink-stellar/bindings/contracts/committee_verifier/client.go:1564.18,1565.13 1 0
github.com/smartcontractkit/chainlink-stellar/bindings/contracts/committee_verifier/client.go:1568.4,1568.29 1 0
github.com/smartcontractkit/chainlink-stellar/bindings/contracts/committee_verifier/client.go:1568.29,1570.19 2 0
github.com/smartcontractkit/chainlink-stellar/bindings/contracts/committee_verifier/client.go:1570.19,1571.14 1 0
github.com/smartcontractkit/chainlink-stellar/bindings/contracts/committee_verifier/client.go:1573.5,1573.40 1 0
github.com/smartcontractkit/chainlink-stellar/bindings/contracts/committee_verifier/client.go:1573.40,1575.6 1 0
github.com/smartcontractkit/chainlink-stellar/bindings/contracts/committee_verifier/client.go:1581.100,1583.71 2 0
github.com/smartcontractkit/chainlink-stellar/bindings/contracts/committee_verifier/client.go:1583.71,1585.3 1 0
github.com/smartcontractkit/chainlink-stellar/bindings/contracts/committee_verifier/client.go:1587.2,1588.25 2 0
github.com/smartcontractkit/chainlink-stellar/bindings/contracts/committee_verifier/client.go:1588.25,1590.3 1 0
github.com/smartcontractkit/chainlink-stellar/bindings/contracts/committee_verifier/client.go:1592.2,1597.31 2 0
github.com/smartcontractkit/chainlink-stellar/bindings/contracts/committee_verifier/client.go:1597.31,1599.10 2 0
github.com/smartcontractkit/chainlink-stellar/bindings/contracts/committee_verifier/client.go:1599.10,1600.12 1 0
github.com/smartcontractkit/chainlink-stellar/bindings/contracts/committee_verifier/client.go:1603.3,1603.22 1 0
github.com/smartcontractkit/chainlink-stellar/bindings/contracts/committee_verifier/client.go:1604.17,1606.18 2 0
github.com/smartcontractkit/chainlink-stellar/bindings/contracts/committee_verifier/client.go:1606.18,1608.5 1 0
github.com/smartcontractkit/chainlink-stellar/bindings/contracts/committee_verifier/client.go:1612.2,1612.20 1 0
github.com/smartcontractkit/chainlink-stellar/bindings/contracts/committee_verifier/client.go:1616.223,1621.6 4 0
github.com/smartcontractkit/chainlink-stellar/bindings/contracts/committee_verifier/client.go:1621.6,1622.10 1 0
github.com/smartcontractkit/chainlink-stellar/bindings/contracts/committee_verifier/client.go:1623.21,1624.25 1 0
github.com/smartcontractkit/chainlink-stellar/bindings/contracts/committee_verifier/client.go:1625.19,1626.39 1 0
github.com/smartcontractkit/chainlink-stellar/bindings/contracts/committee_verifier/client.go:1626.39,1628.5 1 0
github.com/smartcontractkit/chainlink-stellar/bindings/contracts/committee_verifier/client.go:1630.4,1631.18 2 0
github.com/smartcontractkit/chainlink-stellar/bindings/contracts/committee_verifier/client.go:1631.18,1632.13 1 0
github.com/smartcontractkit/chainlink-stellar/bindings/contracts/committee_verifier/client.go:1635.4,1635.29 1 0
github.com/smartcontractkit/chainlink-stellar/bindings/contracts/committee_verifier/client.go:1635.29,1637.19 2 0
github.com/smartcontractkit/chainlink-stellar/bindings/contracts/committee_verifier/client.go:1637.19,1638.14 1 0
github.com/smartcontractkit/chainlink-stellar/bindings/contracts/committee_verifier/client.go:1640.5,1640.40 1 0
github.com/smartcontractkit/chainlink-stellar/bindings/contracts/committee_verifier/client.go:1640.40,1642.6 1 0
github.com/smartcontractkit/chainlink-stellar/bindings/contracts/committee_verifier/client.go:1648.104,1650.71 2 0
github.com/smartcontractkit/chainlink-stellar/bindings/contracts/committee_verifier/client.go:1650.71,1652.3 1 0
github.com/smartcontractkit/chainlink-stellar/bindings/contracts/committee_verifier/client.go:1654.2,1655.25 2 0
github.com/smartcontractkit/chainlink-stellar/bindings/contracts/committee_verifier/client.go:1655.25,1657.3 1 0
github.com/smartcontractkit/chainlink-stellar/bindings/contracts/committee_verifier/client.go:1659.2,1664.31 2 0
github.com/smartcontractkit/chainlink-stellar/bindings/contracts/committee_verifier/client.go:1664.31,1666.10 2 0
github.com/smartcontractkit/chainlink-stellar/bindings/contracts/committee_verifier/client.go:1666.10,1667.12 1 0
github.com/smartcontractkit/chainlink-stellar/bindings/contracts/committee_verifier/client.go:1670.3,1670.22 1 0
github.com/smartcontractkit/chainlink-stellar/bindings/contracts/committee_verifier/client.go:1671.17,1673.18 2 0
github.com/smartcontractkit/chainlink-stellar/bindings/contracts/committee_verifier/client.go:1673.18,1675.5 1 0
github.com/smartcontractkit/chainlink-stellar/bindings/contracts/committee_verifier/client.go:1679.2,1679.20 1 0
github.com/smartcontractkit/chainlink-stellar/bindings/contracts/committee_verifier/client.go:1683.226,1688.6 4 0
github.com/smartcontractkit/chainlink-stellar/bindings/contracts/committee_verifier/client.go:1688.6,1689.10 1 0
github.com/smartcontractkit/chainlink-stellar/bindings/contracts/committee_verifier/client.go:1690.21,1691.25 1 0
github.com/smartcontractkit/chainlink-stellar/bindings/contracts/committee_verifier/client.go:1692.19,1693.39 1 0
github.com/smartcontractkit/chainlink-stellar/bindings/contracts/committee_verifier/client.go:1693.39,1695.5 1 0
github.com/smartcontractkit/chainlink-stellar/bindings/contracts/committee_verifier/client.go:1697.4,1698.18 2 0
github.com/smartcontractkit/chainlink-stellar/bindings/contracts/committee_verifier/client.go:1698.18,1699.13 1 0
github.com/smartcontractkit/chainlink-stellar/bindings/contracts/committee_verifier/client.go:1702.4,1702.29 1 0
github.com/smartcontractkit/chainlink-stellar/bindings/contracts/committee_verifier/client.go:1702.29,1704.19 2 0
github.com/smartcontractkit/chainlink-stellar/bindings/contracts/committee_verifier/client.go:1704.19,1705.14 1 0
github.com/smartcontractkit/chainlink-stellar/bindings/contracts/committee_verifier/client.go:1707.5,1707.40 1 0
github.com/smartcontractkit/chainlink-stellar/bindings/contracts/committee_verifier/client.go:1707.40,1709.6 1 0
github.com/smartcontractkit/chainlink-stellar/bindings/contracts/committee_verifier/client.go:1715.106,1717.71 2 0
github.com/smartcontractkit/chainlink-stellar/bindings/contracts/committee_verifier/client.go:1717.71,1719.3 1 0
github.com/smartcontractkit/chainlink-stellar/bindings/contracts/committee_verifier/client.go:1721.2,1722.25 2 0
github.com/smartcontractkit/chainlink-stellar/bindings/contracts/committee_verifier/client.go:1722.25,1724.3 1 0
github.com/smartcontractkit/chainlink-stellar/bindings/contracts/committee_verifier/client.go:1726.2,1731.31 2 0
github.com/smartcontractkit/chainlink-stellar/bindings/contracts/committee_verifier/client.go:1731.31,1733.10 2 0
github.com/smartcontractkit/chainlink-stellar/bindings/contracts/committee_verifier/client.go:1733.10,1734.12 1 0
github.com/smartcontractkit/chainlink-stellar/bindings/contracts/committee_verifier/client.go:1737.3,1737.22 1 0
github.com/smartcontractkit/chainlink-stellar/bindings/contracts/committee_verifier/client.go:1738.25,1740.18 2 0
github.com/smartcontractkit/chainlink-stellar/bindings/contracts/committee_verifier/client.go:1740.18,1742.5 1 0
github.com/smartcontractkit/chainlink-stellar/bindings/contracts/committee_verifier/client.go:1743.20,1745.18 2 0
github.com/smartcontractkit/chainlink-stellar/bindings/contracts/committee_verifier/client.go:1745.18,1747.5 1 0
github.com/smartcontractkit/chainlink-stellar/bindings/contracts/committee_verifier/client.go:1751.2,1751.20 1 0
github.com/smartcontractkit/chainlink-stellar/bindings/contracts/committee_verifier/types.go:19.51,25.2 1 0
github.com/smartcontractkit/chainlink-stellar/bindings/contracts/committee_verifier/types.go:28.64,30.25 2 0
github.com/smartcontractkit/chainlink-stellar/bindings/contracts/committee_verifier/types.go:30.25,32.3 1 0
github.com/smartcontractkit/chainlink-stellar/bindings/contracts/committee_verifier/types.go:34.2,35.31 2 0
github.com/smartcontractkit/chainlink-stellar/bindings/contracts/committee_verifier/types.go:35.31,37.10 2 0
github.com/smartcontractkit/chainlink-stellar/bindings/contracts/committee_verifier/types.go:37.10,38.12 1 0
[...]
github.com/smartcontractkit/chainlink-stellar/bindings/contracts/onramp/types.go:705.5,705.30 1 0
github.com/smartcontractkit/chainlink-stellar/bindings/contracts/onramp/types.go:707.27,709.18 2 0
github.com/smartcontractkit/chainlink-stellar/bindings/contracts/onramp/types.go:709.18,711.5 1 0
github.com/smartcontractkit/chainlink-stellar/bindings/contracts/onramp/types.go:712.4,712.30 1 0
github.com/smartcontractkit/chainlink-stellar/bindings/contracts/onramp/types.go:713.29,715.25 2 0
github.com/smartcontractkit/chainlink-stellar/bindings/contracts/onramp/types.go:715.25,717.5 1 0
github.com/smartcontractkit/chainlink-stellar/bindings/contracts/onramp/types.go:718.4,719.30 2 0
github.com/smartcontractkit/chainlink-stellar/bindings/contracts/onramp/types.go:719.30,721.19 2 0
github.com/smartcontractkit/chainlink-stellar/bindings/contracts/onramp/types.go:721.19,723.6 1 0
github.com/smartcontractkit/chainlink-stellar/bindings/contracts/onramp/types.go:724.5,724.35 1 0
github.com/smartcontractkit/chainlink-stellar/bindings/contracts/onramp/types.go:726.40,728.11 2 0
github.com/smartcontractkit/chainlink-stellar/bindings/contracts/onramp/types.go:728.11,730.5 1 0
github.com/smartcontractkit/chainlink-stellar/bindings/contracts/onramp/types.go:731.4,731.48 1 0
github.com/smartcontractkit/chainlink-stellar/bindings/contracts/onramp/types.go:732.25,734.18 2 0
github.com/smartcontractkit/chainlink-stellar/bindings/contracts/onramp/types.go:734.18,736.5 1 0
github.com/smartcontractkit/chainlink-stellar/bindings/contracts/onramp/types.go:737.4,737.28 1 0
github.com/smartcontractkit/chainlink-stellar/bindings/contracts/onramp/types.go:738.19,740.11 2 0
github.com/smartcontractkit/chainlink-stellar/bindings/contracts/onramp/types.go:740.11,742.5 1 0
github.com/smartcontractkit/chainlink-stellar/bindings/contracts/onramp/types.go:743.4,743.30 1 0
github.com/smartcontractkit/chainlink-stellar/bindings/contracts/onramp/types.go:744.17,746.18 2 0
github.com/smartcontractkit/chainlink-stellar/bindings/contracts/onramp/types.go:746.18,748.5 1 0
github.com/smartcontractkit/chainlink-stellar/bindings/contracts/onramp/types.go:749.4,749.21 1 0
github.com/smartcontractkit/chainlink-stellar/bindings/contracts/onramp/types.go:750.38,752.11 2 0
github.com/smartcontractkit/chainlink-stellar/bindings/contracts/onramp/types.go:752.11,754.5 1 0
github.com/smartcontractkit/chainlink-stellar/bindings/contracts/onramp/types.go:755.4,755.46 1 0
github.com/smartcontractkit/chainlink-stellar/bindings/contracts/onramp/types.go:756.33,758.11 2 0
github.com/smartcontractkit/chainlink-stellar/bindings/contracts/onramp/types.go:758.11,760.5 1 0
github.com/smartcontractkit/chainlink-stellar/bindings/contracts/onramp/types.go:761.4,761.35 1 0
github.com/smartcontractkit/chainlink-stellar/bindings/contracts/onramp/types.go:765.2,765.20 1 0
github.com/smartcontractkit/chainlink-stellar/bindings/contracts/onramp/types.go:784.59,798.2 1 0
github.com/smartcontractkit/chainlink-stellar/bindings/contracts/onramp/types.go:801.80,803.25 2 0
github.com/smartcontractkit/chainlink-stellar/bindings/contracts/onramp/types.go:803.25,805.3 1 0
github.com/smartcontractkit/chainlink-stellar/bindings/contracts/onramp/types.go:807.2,808.31 2 0
github.com/smartcontractkit/chainlink-stellar/bindings/contracts/onramp/types.go:808.31,810.10 2 0
github.com/smartcontractkit/chainlink-stellar/bindings/contracts/onramp/types.go:810.10,811.12 1 0
github.com/smartcontractkit/chainlink-stellar/bindings/contracts/onramp/types.go:814.3,814.22 1 0
github.com/smartcontractkit/chainlink-stellar/bindings/contracts/onramp/types.go:815.31,817.11 2 0
github.com/smartcontractkit/chainlink-stellar/bindings/contracts/onramp/types.go:817.11,819.5 1 0
github.com/smartcontractkit/chainlink-stellar/bindings/contracts/onramp/types.go:820.4,820.41 1 0
github.com/smartcontractkit/chainlink-stellar/bindings/contracts/onramp/types.go:821.34,823.11 2 0
github.com/smartcontractkit/chainlink-stellar/bindings/contracts/onramp/types.go:823.11,825.5 1 0
github.com/smartcontractkit/chainlink-stellar/bindings/contracts/onramp/types.go:826.4,826.43 1 0
github.com/smartcontractkit/chainlink-stellar/bindings/contracts/onramp/types.go:827.23,829.25 2 0
github.com/smartcontractkit/chainlink-stellar/bindings/contracts/onramp/types.go:829.25,831.5 1 0
github.com/smartcontractkit/chainlink-stellar/bindings/contracts/onramp/types.go:832.4,833.30 2 0
github.com/smartcontractkit/chainlink-stellar/bindings/contracts/onramp/types.go:833.30,835.19 2 0
github.com/smartcontractkit/chainlink-stellar/bindings/contracts/onramp/types.go:835.19,837.6 1 0
github.com/smartcontractkit/chainlink-stellar/bindings/contracts/onramp/types.go:838.5,838.30 1 0
github.com/smartcontractkit/chainlink-stellar/bindings/contracts/onramp/types.go:840.27,842.18 2 0
github.com/smartcontractkit/chainlink-stellar/bindings/contracts/onramp/types.go:842.18,844.5 1 0
github.com/smartcontractkit/chainlink-stellar/bindings/contracts/onramp/types.go:845.4,845.30 1 0
github.com/smartcontractkit/chainlink-stellar/bindings/contracts/onramp/types.go:846.30,848.18 2 0
github.com/smartcontractkit/chainlink-stellar/bindings/contracts/onramp/types.go:848.18,850.5 1 0
github.com/smartcontractkit/chainlink-stellar/bindings/contracts/onramp/types.go:851.4,851.32 1 0
github.com/smartcontractkit/chainlink-stellar/bindings/contracts/onramp/types.go:852.29,854.25 2 0
github.com/smartcontractkit/chainlink-stellar/bindings/contracts/onramp/types.go:854.25,856.5 1 0
github.com/smartcontractkit/chainlink-stellar/bindings/contracts/onramp/types.go:857.4,858.30 2 0
github.com/smartcontractkit/chainlink-stellar/bindings/contracts/onramp/types.go:858.30,860.19 2 0
github.com/smartcontractkit/chainlink-stellar/bindings/contracts/onramp/types.go:860.19,862.6 1 0
github.com/smartcontractkit/chainlink-stellar/bindings/contracts/onramp/types.go:863.5,863.35 1 0
github.com/smartcontractkit/chainlink-stellar/bindings/contracts/onramp/types.go:865.40,867.11 2 0
github.com/smartcontractkit/chainlink-stellar/bindings/contracts/onramp/types.go:867.11,869.5 1 0
github.com/smartcontractkit/chainlink-stellar/bindings/contracts/onramp/types.go:870.4,870.48 1 0
github.com/smartcontractkit/chainlink-stellar/bindings/contracts/onramp/types.go:871.19,873.11 2 0
github.com/smartcontractkit/chainlink-stellar/bindings/contracts/onramp/types.go:873.11,875.5 1 0
github.com/smartcontractkit/chainlink-stellar/bindings/contracts/onramp/types.go:876.4,876.30 1 0
github.com/smartcontractkit/chainlink-stellar/bindings/contracts/onramp/types.go:877.17,879.18 2 0
github.com/smartcontractkit/chainlink-stellar/bindings/contracts/onramp/types.go:879.18,881.5 1 0
github.com/smartcontractkit/chainlink-stellar/bindings/contracts/onramp/types.go:882.4,882.21 1 0
github.com/smartcontractkit/chainlink-stellar/bindings/contracts/onramp/types.go:883.38,885.11 2 0
github.com/smartcontractkit/chainlink-stellar/bindings/contracts/onramp/types.go:885.11,887.5 1 0
github.com/smartcontractkit/chainlink-stellar/bindings/contracts/onramp/types.go:888.4,888.46 1 0
github.com/smartcontractkit/chainlink-stellar/bindings/contracts/onramp/types.go:889.33,891.11 2 0
github.com/smartcontractkit/chainlink-stellar/bindings/contracts/onramp/types.go:891.11,893.5 1 0
github.com/smartcontractkit/chainlink-stellar/bindings/contracts/onramp/types.go:894.4,894.35 1 0
github.com/smartcontractkit/chainlink-stellar/bindings/contracts/onramp/types.go:898.2,898.20 1 0
github.com/smartcontractkit/chainlink-stellar/bindings/scval/scval.go:17.40,23.2 2 0
github.com/smartcontractkit/chainlink-stellar/bindings/scval/scval.go:26.40,32.2 2 0
github.com/smartcontractkit/chainlink-stellar/bindings/scval/scval.go:35.36,40.2 1 0
github.com/smartcontractkit/chainlink-stellar/bindings/scval/scval.go:43.37,45.11 2 0
github.com/smartcontractkit/chainlink-stellar/bindings/scval/scval.go:45.11,47.3 1 0
github.com/smartcontractkit/chainlink-stellar/bindings/scval/scval.go:48.2,56.3 3 0
github.com/smartcontractkit/chainlink-stellar/bindings/scval/scval.go:60.39,66.2 2 0
github.com/smartcontractkit/chainlink-stellar/bindings/scval/scval.go:69.41,75.2 2 0
github.com/smartcontractkit/chainlink-stellar/bindings/scval/scval.go:78.43,84.2 2 0
github.com/smartcontractkit/chainlink-stellar/bindings/scval/scval.go:87.43,93.2 2 0
github.com/smartcontractkit/chainlink-stellar/bindings/scval/scval.go:96.44,102.2 2 0
github.com/smartcontractkit/chainlink-stellar/bindings/scval/scval.go:105.28,109.2 1 0
github.com/smartcontractkit/chainlink-stellar/bindings/scval/scval.go:113.53,114.17 1 0
github.com/smartcontractkit/chainlink-stellar/bindings/scval/scval.go:114.17,116.3 1 0
github.com/smartcontractkit/chainlink-stellar/bindings/scval/scval.go:117.2,117.30 1 0
github.com/smartcontractkit/chainlink-stellar/bindings/scval/scval.go:122.63,123.38 1 0
github.com/smartcontractkit/chainlink-stellar/bindings/scval/scval.go:123.38,125.3 1 0
github.com/smartcontractkit/chainlink-stellar/bindings/scval/scval.go:126.2,127.16 2 0
github.com/smartcontractkit/chainlink-stellar/bindings/scval/scval.go:127.16,129.3 1 0
github.com/smartcontractkit/chainlink-stellar/bindings/scval/scval.go:130.2,130.19 1 0
github.com/smartcontractkit/chainlink-stellar/bindings/scval/scval.go:134.46,141.2 3 0
github.com/smartcontractkit/chainlink-stellar/bindings/scval/scval.go:144.42,150.2 2 0
github.com/smartcontractkit/chainlink-stellar/bindings/scval/scval.go:153.53,155.9 2 0
github.com/smartcontractkit/chainlink-stellar/bindings/scval/scval.go:155.9,157.3 1 0
github.com/smartcontractkit/chainlink-stellar/bindings/scval/scval.go:158.2,158.25 1 0
github.com/smartcontractkit/chainlink-stellar/bindings/scval/scval.go:162.40,168.2 2 0
github.com/smartcontractkit/chainlink-stellar/bindings/scval/scval.go:171.53,173.9 2 0
github.com/smartcontractkit/chainlink-stellar/bindings/scval/scval.go:173.9,175.3 1 0
github.com/smartcontractkit/chainlink-stellar/bindings/scval/scval.go:176.2,176.23 1 0
github.com/smartcontractkit/chainlink-stellar/bindings/scval/scval.go:181.71,183.24 2 0
github.com/smartcontractkit/chainlink-stellar/bindings/scval/scval.go:183.24,185.3 1 0
github.com/smartcontractkit/chainlink-stellar/bindings/scval/scval.go:186.2,189.25 3 0
github.com/smartcontractkit/chainlink-stellar/bindings/scval/scval.go:189.25,199.3 3 0
github.com/smartcontractkit/chainlink-stellar/bindings/scval/scval.go:200.2,205.8 3 0
github.com/smartcontractkit/chainlink-stellar/bindings/scval/scval.go:209.47,210.20 1 0
github.com/smartcontractkit/chainlink-stellar/bindings/scval/scval.go:210.20,212.3 1 0
github.com/smartcontractkit/chainlink-stellar/bindings/scval/scval.go:214.2,214.20 1 0
github.com/smartcontractkit/chainlink-stellar/bindings/scval/scval.go:214.20,216.17 2 0
github.com/smartcontractkit/chainlink-stellar/bindings/scval/scval.go:216.17,218.4 1 0
github.com/smartcontractkit/chainlink-stellar/bindings/scval/scval.go:219.3,219.41 1 0
github.com/smartcontractkit/chainlink-stellar/bindings/scval/scval.go:222.2,222.20 1 0
github.com/smartcontractkit/chainlink-stellar/bindings/scval/scval.go:222.20,224.17 2 0
github.com/smartcontractkit/chainlink-stellar/bindings/scval/scval.go:224.17,226.4 1 0
github.com/smartcontractkit/chainlink-stellar/bindings/scval/scval.go:227.3,236.4 4 0
github.com/smartcontractkit/chainlink-stellar/bindings/scval/scval.go:239.2,239.12 1 0
github.com/smartcontractkit/chainlink-stellar/bindings/scval/scval.go:243.68,244.32 1 1
github.com/smartcontractkit/chainlink-stellar/bindings/scval/scval.go:244.32,246.3 1 0
github.com/smartcontractkit/chainlink-stellar/bindings/scval/scval.go:247.2,252.55 5 1
github.com/smartcontractkit/chainlink-stellar/bindings/scval/scval.go:252.55,254.3 1 0
github.com/smartcontractkit/chainlink-stellar/bindings/scval/scval.go:255.2,255.14 1 1
github.com/smartcontractkit/chainlink-stellar/bindings/scval/scval.go:259.54,261.9 2 0
github.com/smartcontractkit/chainlink-stellar/bindings/scval/scval.go:261.9,263.3 1 0
github.com/smartcontractkit/chainlink-stellar/bindings/scval/scval.go:265.2,265.19 1 0
github.com/smartcontractkit/chainlink-stellar/bindings/scval/scval.go:266.45,269.20 3 0
github.com/smartcontractkit/chainlink-stellar/bindings/scval/scval.go:269.20,271.4 1 0
github.com/smartcontractkit/chainlink-stellar/bindings/scval/scval.go:272.3,272.66 1 0
github.com/smartcontractkit/chainlink-stellar/bindings/scval/scval.go:273.46,275.66 2 0
github.com/smartcontractkit/chainlink-stellar/bindings/scval/scval.go:276.10,277.67 1 0
github.com/smartcontractkit/chainlink-stellar/bindings/scval/scval.go:282.53,284.9 2 0
github.com/smartcontractkit/chainlink-stellar/bindings/scval/scval.go:284.9,286.3 1 0
github.com/smartcontractkit/chainlink-stellar/bindings/scval/scval.go:287.2,287.25 1 0
github.com/smartcontractkit/chainlink-stellar/bindings/scval/scval.go:291.52,293.9 2 0
github.com/smartcontractkit/chainlink-stellar/bindings/scval/scval.go:293.9,295.3 1 0
github.com/smartcontractkit/chainlink-stellar/bindings/scval/scval.go:296.2,296.27 1 0
github.com/smartcontractkit/chainlink-stellar/bindings/scval/scval.go:300.54,302.9 2 0
github.com/smartcontractkit/chainlink-stellar/bindings/scval/scval.go:302.9,304.3 1 0
github.com/smartcontractkit/chainlink-stellar/bindings/scval/scval.go:305.2,305.21 1 0
github.com/smartcontractkit/chainlink-stellar/bindings/scval/scval.go:305.21,307.3 1 0
github.com/smartcontractkit/chainlink-stellar/bindings/scval/scval.go:308.2,310.20 3 0
github.com/smartcontractkit/chainlink-stellar/bindings/scval/scval.go:314.56,316.9 2 0
github.com/smartcontractkit/chainlink-stellar/bindings/scval/scval.go:316.9,318.3 1 0
github.com/smartcontractkit/chainlink-stellar/bindings/scval/scval.go:319.2,319.22 1 0
github.com/smartcontractkit/chainlink-stellar/bindings/scval/scval.go:319.22,321.3 1 0
github.com/smartcontractkit/chainlink-stellar/bindings/scval/scval.go:322.2,324.20 3 0
github.com/smartcontractkit/chainlink-stellar/bindings/scval/scval.go:328.56,330.9 2 0
github.com/smartcontractkit/chainlink-stellar/bindings/scval/scval.go:330.9,332.3 1 0
github.com/smartcontractkit/chainlink-stellar/bindings/scval/scval.go:333.2,333.22 1 0
github.com/smartcontractkit/chainlink-stellar/bindings/scval/scval.go:333.22,335.3 1 0
github.com/smartcontractkit/chainlink-stellar/bindings/scval/scval.go:336.2,338.20 3 0
github.com/smartcontractkit/chainlink-stellar/bindings/scval/scval.go:343.50,345.9 2 0
github.com/smartcontractkit/chainlink-stellar/bindings/scval/scval.go:345.9,347.3 1 0
github.com/smartcontractkit/chainlink-stellar/bindings/scval/scval.go:348.2,348.28 1 0
github.com/smartcontractkit/chainlink-stellar/bindings/scval/scval.go:356.44,359.2 2 0
github.com/smartcontractkit/chainlink-stellar/bindings/scval/scval.go:362.52,367.2 1 0
github.com/smartcontractkit/chainlink-stellar/bindings/scval/scval.go:370.49,372.9 2 0
github.com/smartcontractkit/chainlink-stellar/bindings/scval/scval.go:372.9,374.3 1 0
github.com/smartcontractkit/chainlink-stellar/bindings/scval/scval.go:375.2,375.24 1 0
github.com/smartcontractkit/chainlink-stellar/bindings/scval/scval.go:379.54,380.16 1 0
github.com/smartcontractkit/chainlink-stellar/bindings/scval/scval.go:380.16,381.13 1 0
github.com/smartcontractkit/chainlink-stellar/bindings/scval/scval.go:383.2,383.12 1 0
github.com/smartcontractkit/chainlink-stellar/bindings/scval/scval.go:387.52,389.29 2 0
github.com/smartcontractkit/chainlink-stellar/bindings/scval/scval.go:389.29,391.3 1 0
github.com/smartcontractkit/chainlink-stellar/bindings/scval/scval.go:392.2,392.27 1 0
github.com/smartcontractkit/chainlink-stellar/bindings/scval/scval.go:396.91,398.23 2 0
github.com/smartcontractkit/chainlink-stellar/bindings/scval/scval.go:398.23,400.17 2 0
github.com/smartcontractkit/chainlink-stellar/bindings/scval/scval.go:400.17,401.14 1 0
github.com/smartcontractkit/chainlink-stellar/bindings/scval/scval.go:403.3,403.18 1 0
github.com/smartcontractkit/chainlink-stellar/bindings/scval/scval.go:405.2,405.27 1 0
github.com/smartcontractkit/chainlink-stellar/bindings/scval/scval.go:409.50,411.29 2 0
github.com/smartcontractkit/chainlink-stellar/bindings/scval/scval.go:411.29,413.3 1 0
github.com/smartcontractkit/chainlink-stellar/bindings/scval/scval.go:414.2,414.27 1 0
github.com/smartcontractkit/chainlink-stellar/bindings/scval/scval.go:418.54,420.29 2 0
github.com/smartcontractkit/chainlink-stellar/bindings/scval/scval.go:420.29,422.3 1 0
github.com/smartcontractkit/chainlink-stellar/bindings/scval/scval.go:423.2,423.27 1 0
github.com/smartcontractkit/chainlink-stellar/bindings/scval/scval.go:426.61,428.2 1 0
github.com/smartcontractkit/chainlink-stellar/bindings/scval/scval.go:431.52,433.29 2 0
github.com/smartcontractkit/chainlink-stellar/bindings/scval/scval.go:433.29,435.3 1 0
github.com/smartcontractkit/chainlink-stellar/bindings/scval/scval.go:436.2,436.27 1 0
github.com/smartcontractkit/chainlink-stellar/bindings/scval/scval.go:440.54,442.29 2 0
github.com/smartcontractkit/chainlink-stellar/bindings/scval/scval.go:442.29,444.3 1 0
github.com/smartcontractkit/chainlink-stellar/bindings/scval/scval.go:445.2,445.27 1 0
github.com/smartcontractkit/chainlink-stellar/bindings/scval/scval.go:448.51,450.29 2 0
github.com/smartcontractkit/chainlink-stellar/bindings/scval/scval.go:450.29,452.3 1 0
github.com/smartcontractkit/chainlink-stellar/bindings/scval/scval.go:453.2,453.27 1 0
github.com/smartcontractkit/chainlink-stellar/bindings/scval/scval.go:456.51,458.29 2 0
github.com/smartcontractkit/chainlink-stellar/bindings/scval/scval.go:458.29,460.3 1 0
github.com/smartcontractkit/chainlink-stellar/bindings/scval/scval.go:461.2,461.27 1 0
github.com/smartcontractkit/chainlink-stellar/bindings/scval/scval.go:466.62,468.9 2 3
github.com/smartcontractkit/chainlink-stellar/bindings/scval/scval.go:468.9,470.3 1 1
github.com/smartcontractkit/chainlink-stellar/bindings/scval/scval.go:471.2,471.19 1 2
github.com/smartcontractkit/chainlink-stellar/bindings/scval/scval.go:472.45,475.20 3 1
github.com/smartcontractkit/chainlink-stellar/bindings/scval/scval.go:475.20,477.4 1 0
github.com/smartcontractkit/chainlink-stellar/bindings/scval/scval.go:478.3,480.18 3 1
github.com/smartcontractkit/chainlink-stellar/bindings/scval/scval.go:481.46,485.18 4 1
github.com/smartcontractkit/chainlink-stellar/bindings/scval/scval.go:486.10,487.68 1 0
github.com/smartcontractkit/chainlink-stellar/bindings/scval/scval.go:492.57,494.23 2 4
github.com/smartcontractkit/chainlink-stellar/bindings/scval/scval.go:494.23,496.3 1 1
github.com/smartcontractkit/chainlink-stellar/bindings/scval/scval.go:498.2,499.28 2 3
github.com/smartcontractkit/chainlink-stellar/bindings/scval/scval.go:499.28,501.10 2 4
github.com/smartcontractkit/chainlink-stellar/bindings/scval/scval.go:501.10,503.4 1 0
github.com/smartcontractkit/chainlink-stellar/bindings/scval/scval.go:504.3,504.37 1 4
github.com/smartcontractkit/chainlink-stellar/bindings/scval/scval.go:506.2,506.20 1 3
github.com/smartcontractkit/chainlink-stellar/bindings/scval/scval.go:510.46,516.2 2 1
github.com/smartcontractkit/chainlink-stellar/bindings/scval/scval.go:520.58,522.16 2 3
github.com/smartcontractkit/chainlink-stellar/bindings/scval/scval.go:522.16,524.3 1 1
github.com/smartcontractkit/chainlink-stellar/bindings/scval/scval.go:525.2,525.55 1 2
github.com/smartcontractkit/chainlink-stellar/bindings/scval/scval.go:529.59,531.23 2 0
github.com/smartcontractkit/chainlink-stellar/bindings/scval/scval.go:531.23,533.3 1 0
github.com/smartcontractkit/chainlink-stellar/bindings/scval/scval.go:535.2,536.28 2 0
github.com/smartcontractkit/chainlink-stellar/bindings/scval/scval.go:536.28,538.17 2 0
github.com/smartcontractkit/chainlink-stellar/bindings/scval/scval.go:538.17,540.4 1 0
github.com/smartcontractkit/chainlink-stellar/bindings/scval/scval.go:541.3,541.37 1 0
github.com/smartcontractkit/chainlink-stellar/bindings/scval/scval.go:543.2,543.23 1 0
